<?xml version="1.0" encoding="UTF-8"?>
<!-- Generated by org.testng.reporters.JUnitXMLReporter -->
<testsuite hostname="yinxiao" name="Default test" tests="3" failures="0" timestamp="16 May 2017 07:41:10 GMT" time="150.615" errors="0">
  <testcase name="searchKeyWord" time="37.862" classname="com.xiao.simplebrowsertest.testcases.SearchActivityTest"/>
  <testcase name="searchKeyWord" time="38.482" classname="com.xiao.simplebrowsertest.testcases.SearchActivityTest"/>
  <testcase name="searchKeyWord" time="38.43" classname="com.xiao.simplebrowsertest.testcases.SearchActivityTest"/>
</testsuite> <!-- Default test -->
