<?xml version="1.0" encoding="UTF-8"?>
<!-- Generated by org.testng.reporters.JUnitXMLReporter -->
<testsuite hostname="LAPTOP-SC1R7H6N" name="SimpleBrowserTest" tests="14" failures="14" timestamp="29 Sep 2017 11:49:42 GMT" time="180.075" errors="0">
  <testcase name="clickStart" time="0.815" classname="com.xiao.simplebrowsertest.testcases.WelcomeActivityTest">
    <failure type="java.lang.AssertionError" message="期望的文字是 [立即体验] 但是找到了 [开始体验]">
      <![CDATA[java.lang.AssertionError: 期望的文字是 [立即体验] 但是找到了 [开始体验]
	at com.xiao.simplebrowsertest.utils.AppiumUtils.isTextCorrect(AppiumUtils.java:64)
	at com.xiao.simplebrowsertest.testcases.WelcomeActivityTest.clickStart(WelcomeActivityTest.java:49)
... Removed 25 stack frames]]>
    </failure>
  </testcase> <!-- clickStart -->
  <testcase name="clickStart" time="23.796" classname="com.xiao.simplebrowsertest.testcases.WelcomeActivityTest">
    <failure type="java.lang.AssertionError" message="超时!! 20 秒之后还没找到元素  [By.id: com.xiao.simplebrowser:id/username_label]">
      <![CDATA[java.lang.AssertionError: 超时!! 20 秒之后还没找到元素  [By.id: com.xiao.simplebrowser:id/username_label]
	at com.xiao.simplebrowsertest.utils.AppiumUtils.waitForElementToLoad(AppiumUtils.java:47)
	at com.xiao.simplebrowsertest.testcases.WelcomeActivityTest.checkAfterClick(WelcomeActivityTest.java:68)
	at com.xiao.simplebrowsertest.testcases.WelcomeActivityTest.clickStart(WelcomeActivityTest.java:56)
... Removed 25 stack frames]]>
    </failure>
  </testcase> <!-- clickStart -->
  <testcase name="registerWithData" time="4.358" classname="com.xiao.simplebrowsertest.testcases.RegisterActivityTest">
    <failure type="org.openqa.selenium.NoSuchElementException" message="An element could not be located on the page using the given search parameters. (WARNING: The server did not provide any stacktrace information)
Command duration or timeout: 144 milliseconds
For documentation on this error, please visit: http://seleniumhq.org/exceptions/no_such_element.html
Build info: version: &amp;apos;2.53.0&amp;apos;, revision: &amp;apos;35ae25b1534ae328c771e0856c93e187490ca824&amp;apos;, time: &amp;apos;2016-03-15 10:43:46&amp;apos;
System info: host: &amp;apos;LAPTOP-SC1R7H6N&amp;apos;, ip: &amp;apos;192.168.1.129&amp;apos;, os.name: &amp;apos;Windows 10&amp;apos;, os.arch: &amp;apos;amd64&amp;apos;, os.version: &amp;apos;10.0&amp;apos;, java.version: &amp;apos;1.8.0_102&amp;apos;
Driver info: io.appium.java_client.android.AndroidDriver
Capabilities [{app=D:\appium项目\SimpleBrowserTest\app\simplebrowser.apk, appPackage=com.xiao.simplebrowser, networkConnectionEnabled=true, warnings={}, databaseEnabled=false, deviceName=63a7b810, platform=LINUX, appActivity=com.xiao.simplebrowser.activity.WelcomeFlashActivity, desired={app=D:\appium项目\SimpleBrowserTest\app\simplebrowser.apk, appPackage=com.xiao.simplebrowser, appActivity=com.xiao.simplebrowser.activity.WelcomeFlashActivity, platformVersion=6.0, automationName=Appium, unicodeKeyboard=true, platformName=Android, deviceName=63a7b810, resetKeyboard=true}, platformVersion=6.0.1, webStorageEnabled=false, locationContextEnabled=false, automationName=Appium, browserName=Android, takesScreenshot=true, javascriptEnabled=true, unicodeKeyboard=true, platformName=Android, resetKeyboard=true}]
Session ID: d00046c2-ffa2-4046-a3c0-2b58d44b1ed9
*** Element info: {Using=id, value=com.xiao.simplebrowser:id/register_button}">
      <![CDATA[org.openqa.selenium.NoSuchElementException: An element could not be located on the page using the given search parameters. (WARNING: The server did not provide any stacktrace information)
Command duration or timeout: 144 milliseconds
For documentation on this error, please visit: http://seleniumhq.org/exceptions/no_such_element.html
Build info: version: '2.53.0', revision: '35ae25b1534ae328c771e0856c93e187490ca824', time: '2016-03-15 10:43:46'
System info: host: 'LAPTOP-SC1R7H6N', ip: '192.168.1.129', os.name: 'Windows 10', os.arch: 'amd64', os.version: '10.0', java.version: '1.8.0_102'
Driver info: io.appium.java_client.android.AndroidDriver
Capabilities [{app=D:\appium项目\SimpleBrowserTest\app\simplebrowser.apk, appPackage=com.xiao.simplebrowser, networkConnectionEnabled=true, warnings={}, databaseEnabled=false, deviceName=63a7b810, platform=LINUX, appActivity=com.xiao.simplebrowser.activity.WelcomeFlashActivity, desired={app=D:\appium项目\SimpleBrowserTest\app\simplebrowser.apk, appPackage=com.xiao.simplebrowser, appActivity=com.xiao.simplebrowser.activity.WelcomeFlashActivity, platformVersion=6.0, automationName=Appium, unicodeKeyboard=true, platformName=Android, deviceName=63a7b810, resetKeyboard=true}, platformVersion=6.0.1, webStorageEnabled=false, locationContextEnabled=false, automationName=Appium, browserName=Android, takesScreenshot=true, javascriptEnabled=true, unicodeKeyboard=true, platformName=Android, resetKeyboard=true}]
Session ID: d00046c2-ffa2-4046-a3c0-2b58d44b1ed9
*** Element info: {Using=id, value=com.xiao.simplebrowser:id/register_button}
	at org.openqa.selenium.remote.ErrorHandler.createThrowable(ErrorHandler.java:206)
	at org.openqa.selenium.remote.ErrorHandler.throwIfResponseFailed(ErrorHandler.java:158)
	at org.openqa.selenium.remote.RemoteWebDriver.execute(RemoteWebDriver.java:678)
	at io.appium.java_client.DefaultGenericMobileDriver.execute(DefaultGenericMobileDriver.java:40)
	at io.appium.java_client.AppiumDriver.execute(AppiumDriver.java:1)
	at io.appium.java_client.android.AndroidDriver.execute(AndroidDriver.java:1)
	at org.openqa.selenium.remote.RemoteWebDriver.findElement(RemoteWebDriver.java:363)
	at io.appium.java_client.DefaultGenericMobileDriver.findElement(DefaultGenericMobileDriver.java:56)
	at io.appium.java_client.AppiumDriver.findElement(AppiumDriver.java:1)
	at io.appium.java_client.android.AndroidDriver.findElement(AndroidDriver.java:1)
	at org.openqa.selenium.remote.RemoteWebDriver.findElementById(RemoteWebDriver.java:413)
	at io.appium.java_client.DefaultGenericMobileDriver.findElementById(DefaultGenericMobileDriver.java:64)
	at io.appium.java_client.AppiumDriver.findElementById(AppiumDriver.java:1)
	at io.appium.java_client.android.AndroidDriver.findElementById(AndroidDriver.java:1)
	at org.openqa.selenium.By$ById.findElement(By.java:218)
	at org.openqa.selenium.remote.RemoteWebDriver.findElement(RemoteWebDriver.java:355)
	at io.appium.java_client.DefaultGenericMobileDriver.findElement(DefaultGenericMobileDriver.java:52)
	at io.appium.java_client.AppiumDriver.findElement(AppiumDriver.java:1)
	at io.appium.java_client.android.AndroidDriver.findElement(AndroidDriver.java:1)
	at com.xiao.simplebrowsertest.utils.AppiumUtils.findElement(AppiumUtils.java:25)
	at com.xiao.simplebrowsertest.utils.AppiumUtils.click(AppiumUtils.java:121)
	at com.xiao.simplebrowsertest.testcases.RegisterActivityTest.beforeRegister(RegisterActivityTest.java:97)
	at com.xiao.simplebrowsertest.testcases.RegisterActivityTest.registerWithData(RegisterActivityTest.java:47)
... Removed 27 stack frames]]>
    </failure>
  </testcase> <!-- registerWithData -->
  <testcase name="registerWithData" time="0.106" classname="com.xiao.simplebrowsertest.testcases.RegisterActivityTest">
    <failure type="org.openqa.selenium.NoSuchElementException" message="An element could not be located on the page using the given search parameters. (WARNING: The server did not provide any stacktrace information)
Command duration or timeout: 104 milliseconds
For documentation on this error, please visit: http://seleniumhq.org/exceptions/no_such_element.html
Build info: version: &amp;apos;2.53.0&amp;apos;, revision: &amp;apos;35ae25b1534ae328c771e0856c93e187490ca824&amp;apos;, time: &amp;apos;2016-03-15 10:43:46&amp;apos;
System info: host: &amp;apos;LAPTOP-SC1R7H6N&amp;apos;, ip: &amp;apos;192.168.1.129&amp;apos;, os.name: &amp;apos;Windows 10&amp;apos;, os.arch: &amp;apos;amd64&amp;apos;, os.version: &amp;apos;10.0&amp;apos;, java.version: &amp;apos;1.8.0_102&amp;apos;
Driver info: io.appium.java_client.android.AndroidDriver
Capabilities [{app=D:\appium项目\SimpleBrowserTest\app\simplebrowser.apk, appPackage=com.xiao.simplebrowser, networkConnectionEnabled=true, warnings={}, databaseEnabled=false, deviceName=63a7b810, platform=LINUX, appActivity=com.xiao.simplebrowser.activity.WelcomeFlashActivity, desired={app=D:\appium项目\SimpleBrowserTest\app\simplebrowser.apk, appPackage=com.xiao.simplebrowser, appActivity=com.xiao.simplebrowser.activity.WelcomeFlashActivity, platformVersion=6.0, automationName=Appium, unicodeKeyboard=true, platformName=Android, deviceName=63a7b810, resetKeyboard=true}, platformVersion=6.0.1, webStorageEnabled=false, locationContextEnabled=false, automationName=Appium, browserName=Android, takesScreenshot=true, javascriptEnabled=true, unicodeKeyboard=true, platformName=Android, resetKeyboard=true}]
Session ID: d00046c2-ffa2-4046-a3c0-2b58d44b1ed9
*** Element info: {Using=id, value=com.xiao.simplebrowser:id/start_text}">
      <![CDATA[org.openqa.selenium.NoSuchElementException: An element could not be located on the page using the given search parameters. (WARNING: The server did not provide any stacktrace information)
Command duration or timeout: 104 milliseconds
For documentation on this error, please visit: http://seleniumhq.org/exceptions/no_such_element.html
Build info: version: '2.53.0', revision: '35ae25b1534ae328c771e0856c93e187490ca824', time: '2016-03-15 10:43:46'
System info: host: 'LAPTOP-SC1R7H6N', ip: '192.168.1.129', os.name: 'Windows 10', os.arch: 'amd64', os.version: '10.0', java.version: '1.8.0_102'
Driver info: io.appium.java_client.android.AndroidDriver
Capabilities [{app=D:\appium项目\SimpleBrowserTest\app\simplebrowser.apk, appPackage=com.xiao.simplebrowser, networkConnectionEnabled=true, warnings={}, databaseEnabled=false, deviceName=63a7b810, platform=LINUX, appActivity=com.xiao.simplebrowser.activity.WelcomeFlashActivity, desired={app=D:\appium项目\SimpleBrowserTest\app\simplebrowser.apk, appPackage=com.xiao.simplebrowser, appActivity=com.xiao.simplebrowser.activity.WelcomeFlashActivity, platformVersion=6.0, automationName=Appium, unicodeKeyboard=true, platformName=Android, deviceName=63a7b810, resetKeyboard=true}, platformVersion=6.0.1, webStorageEnabled=false, locationContextEnabled=false, automationName=Appium, browserName=Android, takesScreenshot=true, javascriptEnabled=true, unicodeKeyboard=true, platformName=Android, resetKeyboard=true}]
Session ID: d00046c2-ffa2-4046-a3c0-2b58d44b1ed9
*** Element info: {Using=id, value=com.xiao.simplebrowser:id/start_text}
	at org.openqa.selenium.remote.ErrorHandler.createThrowable(ErrorHandler.java:206)
	at org.openqa.selenium.remote.ErrorHandler.throwIfResponseFailed(ErrorHandler.java:158)
	at org.openqa.selenium.remote.RemoteWebDriver.execute(RemoteWebDriver.java:678)
	at io.appium.java_client.DefaultGenericMobileDriver.execute(DefaultGenericMobileDriver.java:40)
	at io.appium.java_client.AppiumDriver.execute(AppiumDriver.java:1)
	at io.appium.java_client.android.AndroidDriver.execute(AndroidDriver.java:1)
	at org.openqa.selenium.remote.RemoteWebDriver.findElement(RemoteWebDriver.java:363)
	at io.appium.java_client.DefaultGenericMobileDriver.findElement(DefaultGenericMobileDriver.java:56)
	at io.appium.java_client.AppiumDriver.findElement(AppiumDriver.java:1)
	at io.appium.java_client.android.AndroidDriver.findElement(AndroidDriver.java:1)
	at org.openqa.selenium.remote.RemoteWebDriver.findElementById(RemoteWebDriver.java:413)
	at io.appium.java_client.DefaultGenericMobileDriver.findElementById(DefaultGenericMobileDriver.java:64)
	at io.appium.java_client.AppiumDriver.findElementById(AppiumDriver.java:1)
	at io.appium.java_client.android.AndroidDriver.findElementById(AndroidDriver.java:1)
	at org.openqa.selenium.By$ById.findElement(By.java:218)
	at org.openqa.selenium.remote.RemoteWebDriver.findElement(RemoteWebDriver.java:355)
	at io.appium.java_client.DefaultGenericMobileDriver.findElement(DefaultGenericMobileDriver.java:52)
	at io.appium.java_client.AppiumDriver.findElement(AppiumDriver.java:1)
	at io.appium.java_client.android.AndroidDriver.findElement(AndroidDriver.java:1)
	at com.xiao.simplebrowsertest.utils.AppiumUtils.findElement(AppiumUtils.java:25)
	at com.xiao.simplebrowsertest.utils.AppiumUtils.click(AppiumUtils.java:121)
	at com.xiao.simplebrowsertest.testcases.RegisterActivityTest.beforeRegister(RegisterActivityTest.java:94)
	at com.xiao.simplebrowsertest.testcases.RegisterActivityTest.registerWithData(RegisterActivityTest.java:47)
... Removed 27 stack frames]]>
    </failure>
  </testcase> <!-- registerWithData -->
  <testcase name="registerWithData" time="0.053" classname="com.xiao.simplebrowsertest.testcases.RegisterActivityTest">
    <failure type="org.openqa.selenium.NoSuchElementException" message="An element could not be located on the page using the given search parameters. (WARNING: The server did not provide any stacktrace information)
Command duration or timeout: 50 milliseconds
For documentation on this error, please visit: http://seleniumhq.org/exceptions/no_such_element.html
Build info: version: &amp;apos;2.53.0&amp;apos;, revision: &amp;apos;35ae25b1534ae328c771e0856c93e187490ca824&amp;apos;, time: &amp;apos;2016-03-15 10:43:46&amp;apos;
System info: host: &amp;apos;LAPTOP-SC1R7H6N&amp;apos;, ip: &amp;apos;192.168.1.129&amp;apos;, os.name: &amp;apos;Windows 10&amp;apos;, os.arch: &amp;apos;amd64&amp;apos;, os.version: &amp;apos;10.0&amp;apos;, java.version: &amp;apos;1.8.0_102&amp;apos;
Driver info: io.appium.java_client.android.AndroidDriver
Capabilities [{app=D:\appium项目\SimpleBrowserTest\app\simplebrowser.apk, appPackage=com.xiao.simplebrowser, networkConnectionEnabled=true, warnings={}, databaseEnabled=false, deviceName=63a7b810, platform=LINUX, appActivity=com.xiao.simplebrowser.activity.WelcomeFlashActivity, desired={app=D:\appium项目\SimpleBrowserTest\app\simplebrowser.apk, appPackage=com.xiao.simplebrowser, appActivity=com.xiao.simplebrowser.activity.WelcomeFlashActivity, platformVersion=6.0, automationName=Appium, unicodeKeyboard=true, platformName=Android, deviceName=63a7b810, resetKeyboard=true}, platformVersion=6.0.1, webStorageEnabled=false, locationContextEnabled=false, automationName=Appium, browserName=Android, takesScreenshot=true, javascriptEnabled=true, unicodeKeyboard=true, platformName=Android, resetKeyboard=true}]
Session ID: d00046c2-ffa2-4046-a3c0-2b58d44b1ed9
*** Element info: {Using=id, value=com.xiao.simplebrowser:id/start_text}">
      <![CDATA[org.openqa.selenium.NoSuchElementException: An element could not be located on the page using the given search parameters. (WARNING: The server did not provide any stacktrace information)
Command duration or timeout: 50 milliseconds
For documentation on this error, please visit: http://seleniumhq.org/exceptions/no_such_element.html
Build info: version: '2.53.0', revision: '35ae25b1534ae328c771e0856c93e187490ca824', time: '2016-03-15 10:43:46'
System info: host: 'LAPTOP-SC1R7H6N', ip: '192.168.1.129', os.name: 'Windows 10', os.arch: 'amd64', os.version: '10.0', java.version: '1.8.0_102'
Driver info: io.appium.java_client.android.AndroidDriver
Capabilities [{app=D:\appium项目\SimpleBrowserTest\app\simplebrowser.apk, appPackage=com.xiao.simplebrowser, networkConnectionEnabled=true, warnings={}, databaseEnabled=false, deviceName=63a7b810, platform=LINUX, appActivity=com.xiao.simplebrowser.activity.WelcomeFlashActivity, desired={app=D:\appium项目\SimpleBrowserTest\app\simplebrowser.apk, appPackage=com.xiao.simplebrowser, appActivity=com.xiao.simplebrowser.activity.WelcomeFlashActivity, platformVersion=6.0, automationName=Appium, unicodeKeyboard=true, platformName=Android, deviceName=63a7b810, resetKeyboard=true}, platformVersion=6.0.1, webStorageEnabled=false, locationContextEnabled=false, automationName=Appium, browserName=Android, takesScreenshot=true, javascriptEnabled=true, unicodeKeyboard=true, platformName=Android, resetKeyboard=true}]
Session ID: d00046c2-ffa2-4046-a3c0-2b58d44b1ed9
*** Element info: {Using=id, value=com.xiao.simplebrowser:id/start_text}
	at org.openqa.selenium.remote.ErrorHandler.createThrowable(ErrorHandler.java:206)
	at org.openqa.selenium.remote.ErrorHandler.throwIfResponseFailed(ErrorHandler.java:158)
	at org.openqa.selenium.remote.RemoteWebDriver.execute(RemoteWebDriver.java:678)
	at io.appium.java_client.DefaultGenericMobileDriver.execute(DefaultGenericMobileDriver.java:40)
	at io.appium.java_client.AppiumDriver.execute(AppiumDriver.java:1)
	at io.appium.java_client.android.AndroidDriver.execute(AndroidDriver.java:1)
	at org.openqa.selenium.remote.RemoteWebDriver.findElement(RemoteWebDriver.java:363)
	at io.appium.java_client.DefaultGenericMobileDriver.findElement(DefaultGenericMobileDriver.java:56)
	at io.appium.java_client.AppiumDriver.findElement(AppiumDriver.java:1)
	at io.appium.java_client.android.AndroidDriver.findElement(AndroidDriver.java:1)
	at org.openqa.selenium.remote.RemoteWebDriver.findElementById(RemoteWebDriver.java:413)
	at io.appium.java_client.DefaultGenericMobileDriver.findElementById(DefaultGenericMobileDriver.java:64)
	at io.appium.java_client.AppiumDriver.findElementById(AppiumDriver.java:1)
	at io.appium.java_client.android.AndroidDriver.findElementById(AndroidDriver.java:1)
	at org.openqa.selenium.By$ById.findElement(By.java:218)
	at org.openqa.selenium.remote.RemoteWebDriver.findElement(RemoteWebDriver.java:355)
	at io.appium.java_client.DefaultGenericMobileDriver.findElement(DefaultGenericMobileDriver.java:52)
	at io.appium.java_client.AppiumDriver.findElement(AppiumDriver.java:1)
	at io.appium.java_client.android.AndroidDriver.findElement(AndroidDriver.java:1)
	at com.xiao.simplebrowsertest.utils.AppiumUtils.findElement(AppiumUtils.java:25)
	at com.xiao.simplebrowsertest.utils.AppiumUtils.click(AppiumUtils.java:121)
	at com.xiao.simplebrowsertest.testcases.RegisterActivityTest.beforeRegister(RegisterActivityTest.java:94)
	at com.xiao.simplebrowsertest.testcases.RegisterActivityTest.registerWithData(RegisterActivityTest.java:47)
... Removed 27 stack frames]]>
    </failure>
  </testcase> <!-- registerWithData -->
  <testcase name="registerWithData" time="0.201" classname="com.xiao.simplebrowsertest.testcases.RegisterActivityTest">
    <failure type="org.openqa.selenium.NoSuchElementException" message="An element could not be located on the page using the given search parameters. (WARNING: The server did not provide any stacktrace information)
Command duration or timeout: 199 milliseconds
For documentation on this error, please visit: http://seleniumhq.org/exceptions/no_such_element.html
Build info: version: &amp;apos;2.53.0&amp;apos;, revision: &amp;apos;35ae25b1534ae328c771e0856c93e187490ca824&amp;apos;, time: &amp;apos;2016-03-15 10:43:46&amp;apos;
System info: host: &amp;apos;LAPTOP-SC1R7H6N&amp;apos;, ip: &amp;apos;192.168.1.129&amp;apos;, os.name: &amp;apos;Windows 10&amp;apos;, os.arch: &amp;apos;amd64&amp;apos;, os.version: &amp;apos;10.0&amp;apos;, java.version: &amp;apos;1.8.0_102&amp;apos;
Driver info: io.appium.java_client.android.AndroidDriver
Capabilities [{app=D:\appium项目\SimpleBrowserTest\app\simplebrowser.apk, appPackage=com.xiao.simplebrowser, networkConnectionEnabled=true, warnings={}, databaseEnabled=false, deviceName=63a7b810, platform=LINUX, appActivity=com.xiao.simplebrowser.activity.WelcomeFlashActivity, desired={app=D:\appium项目\SimpleBrowserTest\app\simplebrowser.apk, appPackage=com.xiao.simplebrowser, appActivity=com.xiao.simplebrowser.activity.WelcomeFlashActivity, platformVersion=6.0, automationName=Appium, unicodeKeyboard=true, platformName=Android, deviceName=63a7b810, resetKeyboard=true}, platformVersion=6.0.1, webStorageEnabled=false, locationContextEnabled=false, automationName=Appium, browserName=Android, takesScreenshot=true, javascriptEnabled=true, unicodeKeyboard=true, platformName=Android, resetKeyboard=true}]
Session ID: d00046c2-ffa2-4046-a3c0-2b58d44b1ed9
*** Element info: {Using=id, value=com.xiao.simplebrowser:id/start_text}">
      <![CDATA[org.openqa.selenium.NoSuchElementException: An element could not be located on the page using the given search parameters. (WARNING: The server did not provide any stacktrace information)
Command duration or timeout: 199 milliseconds
For documentation on this error, please visit: http://seleniumhq.org/exceptions/no_such_element.html
Build info: version: '2.53.0', revision: '35ae25b1534ae328c771e0856c93e187490ca824', time: '2016-03-15 10:43:46'
System info: host: 'LAPTOP-SC1R7H6N', ip: '192.168.1.129', os.name: 'Windows 10', os.arch: 'amd64', os.version: '10.0', java.version: '1.8.0_102'
Driver info: io.appium.java_client.android.AndroidDriver
Capabilities [{app=D:\appium项目\SimpleBrowserTest\app\simplebrowser.apk, appPackage=com.xiao.simplebrowser, networkConnectionEnabled=true, warnings={}, databaseEnabled=false, deviceName=63a7b810, platform=LINUX, appActivity=com.xiao.simplebrowser.activity.WelcomeFlashActivity, desired={app=D:\appium项目\SimpleBrowserTest\app\simplebrowser.apk, appPackage=com.xiao.simplebrowser, appActivity=com.xiao.simplebrowser.activity.WelcomeFlashActivity, platformVersion=6.0, automationName=Appium, unicodeKeyboard=true, platformName=Android, deviceName=63a7b810, resetKeyboard=true}, platformVersion=6.0.1, webStorageEnabled=false, locationContextEnabled=false, automationName=Appium, browserName=Android, takesScreenshot=true, javascriptEnabled=true, unicodeKeyboard=true, platformName=Android, resetKeyboard=true}]
Session ID: d00046c2-ffa2-4046-a3c0-2b58d44b1ed9
*** Element info: {Using=id, value=com.xiao.simplebrowser:id/start_text}
	at org.openqa.selenium.remote.ErrorHandler.createThrowable(ErrorHandler.java:206)
	at org.openqa.selenium.remote.ErrorHandler.throwIfResponseFailed(ErrorHandler.java:158)
	at org.openqa.selenium.remote.RemoteWebDriver.execute(RemoteWebDriver.java:678)
	at io.appium.java_client.DefaultGenericMobileDriver.execute(DefaultGenericMobileDriver.java:40)
	at io.appium.java_client.AppiumDriver.execute(AppiumDriver.java:1)
	at io.appium.java_client.android.AndroidDriver.execute(AndroidDriver.java:1)
	at org.openqa.selenium.remote.RemoteWebDriver.findElement(RemoteWebDriver.java:363)
	at io.appium.java_client.DefaultGenericMobileDriver.findElement(DefaultGenericMobileDriver.java:56)
	at io.appium.java_client.AppiumDriver.findElement(AppiumDriver.java:1)
	at io.appium.java_client.android.AndroidDriver.findElement(AndroidDriver.java:1)
	at org.openqa.selenium.remote.RemoteWebDriver.findElementById(RemoteWebDriver.java:413)
	at io.appium.java_client.DefaultGenericMobileDriver.findElementById(DefaultGenericMobileDriver.java:64)
	at io.appium.java_client.AppiumDriver.findElementById(AppiumDriver.java:1)
	at io.appium.java_client.android.AndroidDriver.findElementById(AndroidDriver.java:1)
	at org.openqa.selenium.By$ById.findElement(By.java:218)
	at org.openqa.selenium.remote.RemoteWebDriver.findElement(RemoteWebDriver.java:355)
	at io.appium.java_client.DefaultGenericMobileDriver.findElement(DefaultGenericMobileDriver.java:52)
	at io.appium.java_client.AppiumDriver.findElement(AppiumDriver.java:1)
	at io.appium.java_client.android.AndroidDriver.findElement(AndroidDriver.java:1)
	at com.xiao.simplebrowsertest.utils.AppiumUtils.findElement(AppiumUtils.java:25)
	at com.xiao.simplebrowsertest.utils.AppiumUtils.click(AppiumUtils.java:121)
	at com.xiao.simplebrowsertest.testcases.RegisterActivityTest.beforeRegister(RegisterActivityTest.java:94)
	at com.xiao.simplebrowsertest.testcases.RegisterActivityTest.registerWithData(RegisterActivityTest.java:47)
... Removed 27 stack frames]]>
    </failure>
  </testcase> <!-- registerWithData -->
  <testcase name="registerWithData" time="0.062" classname="com.xiao.simplebrowsertest.testcases.RegisterActivityTest">
    <failure type="org.openqa.selenium.NoSuchElementException" message="An element could not be located on the page using the given search parameters. (WARNING: The server did not provide any stacktrace information)
Command duration or timeout: 61 milliseconds
For documentation on this error, please visit: http://seleniumhq.org/exceptions/no_such_element.html
Build info: version: &amp;apos;2.53.0&amp;apos;, revision: &amp;apos;35ae25b1534ae328c771e0856c93e187490ca824&amp;apos;, time: &amp;apos;2016-03-15 10:43:46&amp;apos;
System info: host: &amp;apos;LAPTOP-SC1R7H6N&amp;apos;, ip: &amp;apos;192.168.1.129&amp;apos;, os.name: &amp;apos;Windows 10&amp;apos;, os.arch: &amp;apos;amd64&amp;apos;, os.version: &amp;apos;10.0&amp;apos;, java.version: &amp;apos;1.8.0_102&amp;apos;
Driver info: io.appium.java_client.android.AndroidDriver
Capabilities [{app=D:\appium项目\SimpleBrowserTest\app\simplebrowser.apk, appPackage=com.xiao.simplebrowser, networkConnectionEnabled=true, warnings={}, databaseEnabled=false, deviceName=63a7b810, platform=LINUX, appActivity=com.xiao.simplebrowser.activity.WelcomeFlashActivity, desired={app=D:\appium项目\SimpleBrowserTest\app\simplebrowser.apk, appPackage=com.xiao.simplebrowser, appActivity=com.xiao.simplebrowser.activity.WelcomeFlashActivity, platformVersion=6.0, automationName=Appium, unicodeKeyboard=true, platformName=Android, deviceName=63a7b810, resetKeyboard=true}, platformVersion=6.0.1, webStorageEnabled=false, locationContextEnabled=false, automationName=Appium, browserName=Android, takesScreenshot=true, javascriptEnabled=true, unicodeKeyboard=true, platformName=Android, resetKeyboard=true}]
Session ID: d00046c2-ffa2-4046-a3c0-2b58d44b1ed9
*** Element info: {Using=id, value=com.xiao.simplebrowser:id/start_text}">
      <![CDATA[org.openqa.selenium.NoSuchElementException: An element could not be located on the page using the given search parameters. (WARNING: The server did not provide any stacktrace information)
Command duration or timeout: 61 milliseconds
For documentation on this error, please visit: http://seleniumhq.org/exceptions/no_such_element.html
Build info: version: '2.53.0', revision: '35ae25b1534ae328c771e0856c93e187490ca824', time: '2016-03-15 10:43:46'
System info: host: 'LAPTOP-SC1R7H6N', ip: '192.168.1.129', os.name: 'Windows 10', os.arch: 'amd64', os.version: '10.0', java.version: '1.8.0_102'
Driver info: io.appium.java_client.android.AndroidDriver
Capabilities [{app=D:\appium项目\SimpleBrowserTest\app\simplebrowser.apk, appPackage=com.xiao.simplebrowser, networkConnectionEnabled=true, warnings={}, databaseEnabled=false, deviceName=63a7b810, platform=LINUX, appActivity=com.xiao.simplebrowser.activity.WelcomeFlashActivity, desired={app=D:\appium项目\SimpleBrowserTest\app\simplebrowser.apk, appPackage=com.xiao.simplebrowser, appActivity=com.xiao.simplebrowser.activity.WelcomeFlashActivity, platformVersion=6.0, automationName=Appium, unicodeKeyboard=true, platformName=Android, deviceName=63a7b810, resetKeyboard=true}, platformVersion=6.0.1, webStorageEnabled=false, locationContextEnabled=false, automationName=Appium, browserName=Android, takesScreenshot=true, javascriptEnabled=true, unicodeKeyboard=true, platformName=Android, resetKeyboard=true}]
Session ID: d00046c2-ffa2-4046-a3c0-2b58d44b1ed9
*** Element info: {Using=id, value=com.xiao.simplebrowser:id/start_text}
	at org.openqa.selenium.remote.ErrorHandler.createThrowable(ErrorHandler.java:206)
	at org.openqa.selenium.remote.ErrorHandler.throwIfResponseFailed(ErrorHandler.java:158)
	at org.openqa.selenium.remote.RemoteWebDriver.execute(RemoteWebDriver.java:678)
	at io.appium.java_client.DefaultGenericMobileDriver.execute(DefaultGenericMobileDriver.java:40)
	at io.appium.java_client.AppiumDriver.execute(AppiumDriver.java:1)
	at io.appium.java_client.android.AndroidDriver.execute(AndroidDriver.java:1)
	at org.openqa.selenium.remote.RemoteWebDriver.findElement(RemoteWebDriver.java:363)
	at io.appium.java_client.DefaultGenericMobileDriver.findElement(DefaultGenericMobileDriver.java:56)
	at io.appium.java_client.AppiumDriver.findElement(AppiumDriver.java:1)
	at io.appium.java_client.android.AndroidDriver.findElement(AndroidDriver.java:1)
	at org.openqa.selenium.remote.RemoteWebDriver.findElementById(RemoteWebDriver.java:413)
	at io.appium.java_client.DefaultGenericMobileDriver.findElementById(DefaultGenericMobileDriver.java:64)
	at io.appium.java_client.AppiumDriver.findElementById(AppiumDriver.java:1)
	at io.appium.java_client.android.AndroidDriver.findElementById(AndroidDriver.java:1)
	at org.openqa.selenium.By$ById.findElement(By.java:218)
	at org.openqa.selenium.remote.RemoteWebDriver.findElement(RemoteWebDriver.java:355)
	at io.appium.java_client.DefaultGenericMobileDriver.findElement(DefaultGenericMobileDriver.java:52)
	at io.appium.java_client.AppiumDriver.findElement(AppiumDriver.java:1)
	at io.appium.java_client.android.AndroidDriver.findElement(AndroidDriver.java:1)
	at com.xiao.simplebrowsertest.utils.AppiumUtils.findElement(AppiumUtils.java:25)
	at com.xiao.simplebrowsertest.utils.AppiumUtils.click(AppiumUtils.java:121)
	at com.xiao.simplebrowsertest.testcases.RegisterActivityTest.beforeRegister(RegisterActivityTest.java:94)
	at com.xiao.simplebrowsertest.testcases.RegisterActivityTest.registerWithData(RegisterActivityTest.java:47)
... Removed 27 stack frames]]>
    </failure>
  </testcase> <!-- registerWithData -->
  <testcase name="registerWithData" time="0.046" classname="com.xiao.simplebrowsertest.testcases.RegisterActivityTest">
    <failure type="org.openqa.selenium.NoSuchElementException" message="An element could not be located on the page using the given search parameters. (WARNING: The server did not provide any stacktrace information)
Command duration or timeout: 45 milliseconds
For documentation on this error, please visit: http://seleniumhq.org/exceptions/no_such_element.html
Build info: version: &amp;apos;2.53.0&amp;apos;, revision: &amp;apos;35ae25b1534ae328c771e0856c93e187490ca824&amp;apos;, time: &amp;apos;2016-03-15 10:43:46&amp;apos;
System info: host: &amp;apos;LAPTOP-SC1R7H6N&amp;apos;, ip: &amp;apos;192.168.1.129&amp;apos;, os.name: &amp;apos;Windows 10&amp;apos;, os.arch: &amp;apos;amd64&amp;apos;, os.version: &amp;apos;10.0&amp;apos;, java.version: &amp;apos;1.8.0_102&amp;apos;
Driver info: io.appium.java_client.android.AndroidDriver
Capabilities [{app=D:\appium项目\SimpleBrowserTest\app\simplebrowser.apk, appPackage=com.xiao.simplebrowser, networkConnectionEnabled=true, warnings={}, databaseEnabled=false, deviceName=63a7b810, platform=LINUX, appActivity=com.xiao.simplebrowser.activity.WelcomeFlashActivity, desired={app=D:\appium项目\SimpleBrowserTest\app\simplebrowser.apk, appPackage=com.xiao.simplebrowser, appActivity=com.xiao.simplebrowser.activity.WelcomeFlashActivity, platformVersion=6.0, automationName=Appium, unicodeKeyboard=true, platformName=Android, deviceName=63a7b810, resetKeyboard=true}, platformVersion=6.0.1, webStorageEnabled=false, locationContextEnabled=false, automationName=Appium, browserName=Android, takesScreenshot=true, javascriptEnabled=true, unicodeKeyboard=true, platformName=Android, resetKeyboard=true}]
Session ID: d00046c2-ffa2-4046-a3c0-2b58d44b1ed9
*** Element info: {Using=id, value=com.xiao.simplebrowser:id/start_text}">
      <![CDATA[org.openqa.selenium.NoSuchElementException: An element could not be located on the page using the given search parameters. (WARNING: The server did not provide any stacktrace information)
Command duration or timeout: 45 milliseconds
For documentation on this error, please visit: http://seleniumhq.org/exceptions/no_such_element.html
Build info: version: '2.53.0', revision: '35ae25b1534ae328c771e0856c93e187490ca824', time: '2016-03-15 10:43:46'
System info: host: 'LAPTOP-SC1R7H6N', ip: '192.168.1.129', os.name: 'Windows 10', os.arch: 'amd64', os.version: '10.0', java.version: '1.8.0_102'
Driver info: io.appium.java_client.android.AndroidDriver
Capabilities [{app=D:\appium项目\SimpleBrowserTest\app\simplebrowser.apk, appPackage=com.xiao.simplebrowser, networkConnectionEnabled=true, warnings={}, databaseEnabled=false, deviceName=63a7b810, platform=LINUX, appActivity=com.xiao.simplebrowser.activity.WelcomeFlashActivity, desired={app=D:\appium项目\SimpleBrowserTest\app\simplebrowser.apk, appPackage=com.xiao.simplebrowser, appActivity=com.xiao.simplebrowser.activity.WelcomeFlashActivity, platformVersion=6.0, automationName=Appium, unicodeKeyboard=true, platformName=Android, deviceName=63a7b810, resetKeyboard=true}, platformVersion=6.0.1, webStorageEnabled=false, locationContextEnabled=false, automationName=Appium, browserName=Android, takesScreenshot=true, javascriptEnabled=true, unicodeKeyboard=true, platformName=Android, resetKeyboard=true}]
Session ID: d00046c2-ffa2-4046-a3c0-2b58d44b1ed9
*** Element info: {Using=id, value=com.xiao.simplebrowser:id/start_text}
	at org.openqa.selenium.remote.ErrorHandler.createThrowable(ErrorHandler.java:206)
	at org.openqa.selenium.remote.ErrorHandler.throwIfResponseFailed(ErrorHandler.java:158)
	at org.openqa.selenium.remote.RemoteWebDriver.execute(RemoteWebDriver.java:678)
	at io.appium.java_client.DefaultGenericMobileDriver.execute(DefaultGenericMobileDriver.java:40)
	at io.appium.java_client.AppiumDriver.execute(AppiumDriver.java:1)
	at io.appium.java_client.android.AndroidDriver.execute(AndroidDriver.java:1)
	at org.openqa.selenium.remote.RemoteWebDriver.findElement(RemoteWebDriver.java:363)
	at io.appium.java_client.DefaultGenericMobileDriver.findElement(DefaultGenericMobileDriver.java:56)
	at io.appium.java_client.AppiumDriver.findElement(AppiumDriver.java:1)
	at io.appium.java_client.android.AndroidDriver.findElement(AndroidDriver.java:1)
	at org.openqa.selenium.remote.RemoteWebDriver.findElementById(RemoteWebDriver.java:413)
	at io.appium.java_client.DefaultGenericMobileDriver.findElementById(DefaultGenericMobileDriver.java:64)
	at io.appium.java_client.AppiumDriver.findElementById(AppiumDriver.java:1)
	at io.appium.java_client.android.AndroidDriver.findElementById(AndroidDriver.java:1)
	at org.openqa.selenium.By$ById.findElement(By.java:218)
	at org.openqa.selenium.remote.RemoteWebDriver.findElement(RemoteWebDriver.java:355)
	at io.appium.java_client.DefaultGenericMobileDriver.findElement(DefaultGenericMobileDriver.java:52)
	at io.appium.java_client.AppiumDriver.findElement(AppiumDriver.java:1)
	at io.appium.java_client.android.AndroidDriver.findElement(AndroidDriver.java:1)
	at com.xiao.simplebrowsertest.utils.AppiumUtils.findElement(AppiumUtils.java:25)
	at com.xiao.simplebrowsertest.utils.AppiumUtils.click(AppiumUtils.java:121)
	at com.xiao.simplebrowsertest.testcases.RegisterActivityTest.beforeRegister(RegisterActivityTest.java:94)
	at com.xiao.simplebrowsertest.testcases.RegisterActivityTest.registerWithData(RegisterActivityTest.java:47)
... Removed 27 stack frames]]>
    </failure>
  </testcase> <!-- registerWithData -->
  <testcase name="registerWithData" time="0.146" classname="com.xiao.simplebrowsertest.testcases.RegisterActivityTest">
    <failure type="org.openqa.selenium.NoSuchElementException" message="An element could not be located on the page using the given search parameters. (WARNING: The server did not provide any stacktrace information)
Command duration or timeout: 144 milliseconds
For documentation on this error, please visit: http://seleniumhq.org/exceptions/no_such_element.html
Build info: version: &amp;apos;2.53.0&amp;apos;, revision: &amp;apos;35ae25b1534ae328c771e0856c93e187490ca824&amp;apos;, time: &amp;apos;2016-03-15 10:43:46&amp;apos;
System info: host: &amp;apos;LAPTOP-SC1R7H6N&amp;apos;, ip: &amp;apos;192.168.1.129&amp;apos;, os.name: &amp;apos;Windows 10&amp;apos;, os.arch: &amp;apos;amd64&amp;apos;, os.version: &amp;apos;10.0&amp;apos;, java.version: &amp;apos;1.8.0_102&amp;apos;
Driver info: io.appium.java_client.android.AndroidDriver
Capabilities [{app=D:\appium项目\SimpleBrowserTest\app\simplebrowser.apk, appPackage=com.xiao.simplebrowser, networkConnectionEnabled=true, warnings={}, databaseEnabled=false, deviceName=63a7b810, platform=LINUX, appActivity=com.xiao.simplebrowser.activity.WelcomeFlashActivity, desired={app=D:\appium项目\SimpleBrowserTest\app\simplebrowser.apk, appPackage=com.xiao.simplebrowser, appActivity=com.xiao.simplebrowser.activity.WelcomeFlashActivity, platformVersion=6.0, automationName=Appium, unicodeKeyboard=true, platformName=Android, deviceName=63a7b810, resetKeyboard=true}, platformVersion=6.0.1, webStorageEnabled=false, locationContextEnabled=false, automationName=Appium, browserName=Android, takesScreenshot=true, javascriptEnabled=true, unicodeKeyboard=true, platformName=Android, resetKeyboard=true}]
Session ID: d00046c2-ffa2-4046-a3c0-2b58d44b1ed9
*** Element info: {Using=id, value=com.xiao.simplebrowser:id/start_text}">
      <![CDATA[org.openqa.selenium.NoSuchElementException: An element could not be located on the page using the given search parameters. (WARNING: The server did not provide any stacktrace information)
Command duration or timeout: 144 milliseconds
For documentation on this error, please visit: http://seleniumhq.org/exceptions/no_such_element.html
Build info: version: '2.53.0', revision: '35ae25b1534ae328c771e0856c93e187490ca824', time: '2016-03-15 10:43:46'
System info: host: 'LAPTOP-SC1R7H6N', ip: '192.168.1.129', os.name: 'Windows 10', os.arch: 'amd64', os.version: '10.0', java.version: '1.8.0_102'
Driver info: io.appium.java_client.android.AndroidDriver
Capabilities [{app=D:\appium项目\SimpleBrowserTest\app\simplebrowser.apk, appPackage=com.xiao.simplebrowser, networkConnectionEnabled=true, warnings={}, databaseEnabled=false, deviceName=63a7b810, platform=LINUX, appActivity=com.xiao.simplebrowser.activity.WelcomeFlashActivity, desired={app=D:\appium项目\SimpleBrowserTest\app\simplebrowser.apk, appPackage=com.xiao.simplebrowser, appActivity=com.xiao.simplebrowser.activity.WelcomeFlashActivity, platformVersion=6.0, automationName=Appium, unicodeKeyboard=true, platformName=Android, deviceName=63a7b810, resetKeyboard=true}, platformVersion=6.0.1, webStorageEnabled=false, locationContextEnabled=false, automationName=Appium, browserName=Android, takesScreenshot=true, javascriptEnabled=true, unicodeKeyboard=true, platformName=Android, resetKeyboard=true}]
Session ID: d00046c2-ffa2-4046-a3c0-2b58d44b1ed9
*** Element info: {Using=id, value=com.xiao.simplebrowser:id/start_text}
	at org.openqa.selenium.remote.ErrorHandler.createThrowable(ErrorHandler.java:206)
	at org.openqa.selenium.remote.ErrorHandler.throwIfResponseFailed(ErrorHandler.java:158)
	at org.openqa.selenium.remote.RemoteWebDriver.execute(RemoteWebDriver.java:678)
	at io.appium.java_client.DefaultGenericMobileDriver.execute(DefaultGenericMobileDriver.java:40)
	at io.appium.java_client.AppiumDriver.execute(AppiumDriver.java:1)
	at io.appium.java_client.android.AndroidDriver.execute(AndroidDriver.java:1)
	at org.openqa.selenium.remote.RemoteWebDriver.findElement(RemoteWebDriver.java:363)
	at io.appium.java_client.DefaultGenericMobileDriver.findElement(DefaultGenericMobileDriver.java:56)
	at io.appium.java_client.AppiumDriver.findElement(AppiumDriver.java:1)
	at io.appium.java_client.android.AndroidDriver.findElement(AndroidDriver.java:1)
	at org.openqa.selenium.remote.RemoteWebDriver.findElementById(RemoteWebDriver.java:413)
	at io.appium.java_client.DefaultGenericMobileDriver.findElementById(DefaultGenericMobileDriver.java:64)
	at io.appium.java_client.AppiumDriver.findElementById(AppiumDriver.java:1)
	at io.appium.java_client.android.AndroidDriver.findElementById(AndroidDriver.java:1)
	at org.openqa.selenium.By$ById.findElement(By.java:218)
	at org.openqa.selenium.remote.RemoteWebDriver.findElement(RemoteWebDriver.java:355)
	at io.appium.java_client.DefaultGenericMobileDriver.findElement(DefaultGenericMobileDriver.java:52)
	at io.appium.java_client.AppiumDriver.findElement(AppiumDriver.java:1)
	at io.appium.java_client.android.AndroidDriver.findElement(AndroidDriver.java:1)
	at com.xiao.simplebrowsertest.utils.AppiumUtils.findElement(AppiumUtils.java:25)
	at com.xiao.simplebrowsertest.utils.AppiumUtils.click(AppiumUtils.java:121)
	at com.xiao.simplebrowsertest.testcases.RegisterActivityTest.beforeRegister(RegisterActivityTest.java:94)
	at com.xiao.simplebrowsertest.testcases.RegisterActivityTest.registerWithData(RegisterActivityTest.java:47)
... Removed 27 stack frames]]>
    </failure>
  </testcase> <!-- registerWithData -->
  <testcase name="registerWithData" time="0.103" classname="com.xiao.simplebrowsertest.testcases.RegisterActivityTest">
    <failure type="org.openqa.selenium.NoSuchElementException" message="An element could not be located on the page using the given search parameters. (WARNING: The server did not provide any stacktrace information)
Command duration or timeout: 101 milliseconds
For documentation on this error, please visit: http://seleniumhq.org/exceptions/no_such_element.html
Build info: version: &amp;apos;2.53.0&amp;apos;, revision: &amp;apos;35ae25b1534ae328c771e0856c93e187490ca824&amp;apos;, time: &amp;apos;2016-03-15 10:43:46&amp;apos;
System info: host: &amp;apos;LAPTOP-SC1R7H6N&amp;apos;, ip: &amp;apos;192.168.1.129&amp;apos;, os.name: &amp;apos;Windows 10&amp;apos;, os.arch: &amp;apos;amd64&amp;apos;, os.version: &amp;apos;10.0&amp;apos;, java.version: &amp;apos;1.8.0_102&amp;apos;
Driver info: io.appium.java_client.android.AndroidDriver
Capabilities [{app=D:\appium项目\SimpleBrowserTest\app\simplebrowser.apk, appPackage=com.xiao.simplebrowser, networkConnectionEnabled=true, warnings={}, databaseEnabled=false, deviceName=63a7b810, platform=LINUX, appActivity=com.xiao.simplebrowser.activity.WelcomeFlashActivity, desired={app=D:\appium项目\SimpleBrowserTest\app\simplebrowser.apk, appPackage=com.xiao.simplebrowser, appActivity=com.xiao.simplebrowser.activity.WelcomeFlashActivity, platformVersion=6.0, automationName=Appium, unicodeKeyboard=true, platformName=Android, deviceName=63a7b810, resetKeyboard=true}, platformVersion=6.0.1, webStorageEnabled=false, locationContextEnabled=false, automationName=Appium, browserName=Android, takesScreenshot=true, javascriptEnabled=true, unicodeKeyboard=true, platformName=Android, resetKeyboard=true}]
Session ID: d00046c2-ffa2-4046-a3c0-2b58d44b1ed9
*** Element info: {Using=id, value=com.xiao.simplebrowser:id/start_text}">
      <![CDATA[org.openqa.selenium.NoSuchElementException: An element could not be located on the page using the given search parameters. (WARNING: The server did not provide any stacktrace information)
Command duration or timeout: 101 milliseconds
For documentation on this error, please visit: http://seleniumhq.org/exceptions/no_such_element.html
Build info: version: '2.53.0', revision: '35ae25b1534ae328c771e0856c93e187490ca824', time: '2016-03-15 10:43:46'
System info: host: 'LAPTOP-SC1R7H6N', ip: '192.168.1.129', os.name: 'Windows 10', os.arch: 'amd64', os.version: '10.0', java.version: '1.8.0_102'
Driver info: io.appium.java_client.android.AndroidDriver
Capabilities [{app=D:\appium项目\SimpleBrowserTest\app\simplebrowser.apk, appPackage=com.xiao.simplebrowser, networkConnectionEnabled=true, warnings={}, databaseEnabled=false, deviceName=63a7b810, platform=LINUX, appActivity=com.xiao.simplebrowser.activity.WelcomeFlashActivity, desired={app=D:\appium项目\SimpleBrowserTest\app\simplebrowser.apk, appPackage=com.xiao.simplebrowser, appActivity=com.xiao.simplebrowser.activity.WelcomeFlashActivity, platformVersion=6.0, automationName=Appium, unicodeKeyboard=true, platformName=Android, deviceName=63a7b810, resetKeyboard=true}, platformVersion=6.0.1, webStorageEnabled=false, locationContextEnabled=false, automationName=Appium, browserName=Android, takesScreenshot=true, javascriptEnabled=true, unicodeKeyboard=true, platformName=Android, resetKeyboard=true}]
Session ID: d00046c2-ffa2-4046-a3c0-2b58d44b1ed9
*** Element info: {Using=id, value=com.xiao.simplebrowser:id/start_text}
	at org.openqa.selenium.remote.ErrorHandler.createThrowable(ErrorHandler.java:206)
	at org.openqa.selenium.remote.ErrorHandler.throwIfResponseFailed(ErrorHandler.java:158)
	at org.openqa.selenium.remote.RemoteWebDriver.execute(RemoteWebDriver.java:678)
	at io.appium.java_client.DefaultGenericMobileDriver.execute(DefaultGenericMobileDriver.java:40)
	at io.appium.java_client.AppiumDriver.execute(AppiumDriver.java:1)
	at io.appium.java_client.android.AndroidDriver.execute(AndroidDriver.java:1)
	at org.openqa.selenium.remote.RemoteWebDriver.findElement(RemoteWebDriver.java:363)
	at io.appium.java_client.DefaultGenericMobileDriver.findElement(DefaultGenericMobileDriver.java:56)
	at io.appium.java_client.AppiumDriver.findElement(AppiumDriver.java:1)
	at io.appium.java_client.android.AndroidDriver.findElement(AndroidDriver.java:1)
	at org.openqa.selenium.remote.RemoteWebDriver.findElementById(RemoteWebDriver.java:413)
	at io.appium.java_client.DefaultGenericMobileDriver.findElementById(DefaultGenericMobileDriver.java:64)
	at io.appium.java_client.AppiumDriver.findElementById(AppiumDriver.java:1)
	at io.appium.java_client.android.AndroidDriver.findElementById(AndroidDriver.java:1)
	at org.openqa.selenium.By$ById.findElement(By.java:218)
	at org.openqa.selenium.remote.RemoteWebDriver.findElement(RemoteWebDriver.java:355)
	at io.appium.java_client.DefaultGenericMobileDriver.findElement(DefaultGenericMobileDriver.java:52)
	at io.appium.java_client.AppiumDriver.findElement(AppiumDriver.java:1)
	at io.appium.java_client.android.AndroidDriver.findElement(AndroidDriver.java:1)
	at com.xiao.simplebrowsertest.utils.AppiumUtils.findElement(AppiumUtils.java:25)
	at com.xiao.simplebrowsertest.utils.AppiumUtils.click(AppiumUtils.java:121)
	at com.xiao.simplebrowsertest.testcases.RegisterActivityTest.beforeRegister(RegisterActivityTest.java:94)
	at com.xiao.simplebrowsertest.testcases.RegisterActivityTest.registerWithData(RegisterActivityTest.java:47)
... Removed 27 stack frames]]>
    </failure>
  </testcase> <!-- registerWithData -->
  <testcase name="registerWithData" time="0.193" classname="com.xiao.simplebrowsertest.testcases.RegisterActivityTest">
    <failure type="org.openqa.selenium.NoSuchElementException" message="An element could not be located on the page using the given search parameters. (WARNING: The server did not provide any stacktrace information)
Command duration or timeout: 192 milliseconds
For documentation on this error, please visit: http://seleniumhq.org/exceptions/no_such_element.html
Build info: version: &amp;apos;2.53.0&amp;apos;, revision: &amp;apos;35ae25b1534ae328c771e0856c93e187490ca824&amp;apos;, time: &amp;apos;2016-03-15 10:43:46&amp;apos;
System info: host: &amp;apos;LAPTOP-SC1R7H6N&amp;apos;, ip: &amp;apos;192.168.1.129&amp;apos;, os.name: &amp;apos;Windows 10&amp;apos;, os.arch: &amp;apos;amd64&amp;apos;, os.version: &amp;apos;10.0&amp;apos;, java.version: &amp;apos;1.8.0_102&amp;apos;
Driver info: io.appium.java_client.android.AndroidDriver
Capabilities [{app=D:\appium项目\SimpleBrowserTest\app\simplebrowser.apk, appPackage=com.xiao.simplebrowser, networkConnectionEnabled=true, warnings={}, databaseEnabled=false, deviceName=63a7b810, platform=LINUX, appActivity=com.xiao.simplebrowser.activity.WelcomeFlashActivity, desired={app=D:\appium项目\SimpleBrowserTest\app\simplebrowser.apk, appPackage=com.xiao.simplebrowser, appActivity=com.xiao.simplebrowser.activity.WelcomeFlashActivity, platformVersion=6.0, automationName=Appium, unicodeKeyboard=true, platformName=Android, deviceName=63a7b810, resetKeyboard=true}, platformVersion=6.0.1, webStorageEnabled=false, locationContextEnabled=false, automationName=Appium, browserName=Android, takesScreenshot=true, javascriptEnabled=true, unicodeKeyboard=true, platformName=Android, resetKeyboard=true}]
Session ID: d00046c2-ffa2-4046-a3c0-2b58d44b1ed9
*** Element info: {Using=id, value=com.xiao.simplebrowser:id/start_text}">
      <![CDATA[org.openqa.selenium.NoSuchElementException: An element could not be located on the page using the given search parameters. (WARNING: The server did not provide any stacktrace information)
Command duration or timeout: 192 milliseconds
For documentation on this error, please visit: http://seleniumhq.org/exceptions/no_such_element.html
Build info: version: '2.53.0', revision: '35ae25b1534ae328c771e0856c93e187490ca824', time: '2016-03-15 10:43:46'
System info: host: 'LAPTOP-SC1R7H6N', ip: '192.168.1.129', os.name: 'Windows 10', os.arch: 'amd64', os.version: '10.0', java.version: '1.8.0_102'
Driver info: io.appium.java_client.android.AndroidDriver
Capabilities [{app=D:\appium项目\SimpleBrowserTest\app\simplebrowser.apk, appPackage=com.xiao.simplebrowser, networkConnectionEnabled=true, warnings={}, databaseEnabled=false, deviceName=63a7b810, platform=LINUX, appActivity=com.xiao.simplebrowser.activity.WelcomeFlashActivity, desired={app=D:\appium项目\SimpleBrowserTest\app\simplebrowser.apk, appPackage=com.xiao.simplebrowser, appActivity=com.xiao.simplebrowser.activity.WelcomeFlashActivity, platformVersion=6.0, automationName=Appium, unicodeKeyboard=true, platformName=Android, deviceName=63a7b810, resetKeyboard=true}, platformVersion=6.0.1, webStorageEnabled=false, locationContextEnabled=false, automationName=Appium, browserName=Android, takesScreenshot=true, javascriptEnabled=true, unicodeKeyboard=true, platformName=Android, resetKeyboard=true}]
Session ID: d00046c2-ffa2-4046-a3c0-2b58d44b1ed9
*** Element info: {Using=id, value=com.xiao.simplebrowser:id/start_text}
	at org.openqa.selenium.remote.ErrorHandler.createThrowable(ErrorHandler.java:206)
	at org.openqa.selenium.remote.ErrorHandler.throwIfResponseFailed(ErrorHandler.java:158)
	at org.openqa.selenium.remote.RemoteWebDriver.execute(RemoteWebDriver.java:678)
	at io.appium.java_client.DefaultGenericMobileDriver.execute(DefaultGenericMobileDriver.java:40)
	at io.appium.java_client.AppiumDriver.execute(AppiumDriver.java:1)
	at io.appium.java_client.android.AndroidDriver.execute(AndroidDriver.java:1)
	at org.openqa.selenium.remote.RemoteWebDriver.findElement(RemoteWebDriver.java:363)
	at io.appium.java_client.DefaultGenericMobileDriver.findElement(DefaultGenericMobileDriver.java:56)
	at io.appium.java_client.AppiumDriver.findElement(AppiumDriver.java:1)
	at io.appium.java_client.android.AndroidDriver.findElement(AndroidDriver.java:1)
	at org.openqa.selenium.remote.RemoteWebDriver.findElementById(RemoteWebDriver.java:413)
	at io.appium.java_client.DefaultGenericMobileDriver.findElementById(DefaultGenericMobileDriver.java:64)
	at io.appium.java_client.AppiumDriver.findElementById(AppiumDriver.java:1)
	at io.appium.java_client.android.AndroidDriver.findElementById(AndroidDriver.java:1)
	at org.openqa.selenium.By$ById.findElement(By.java:218)
	at org.openqa.selenium.remote.RemoteWebDriver.findElement(RemoteWebDriver.java:355)
	at io.appium.java_client.DefaultGenericMobileDriver.findElement(DefaultGenericMobileDriver.java:52)
	at io.appium.java_client.AppiumDriver.findElement(AppiumDriver.java:1)
	at io.appium.java_client.android.AndroidDriver.findElement(AndroidDriver.java:1)
	at com.xiao.simplebrowsertest.utils.AppiumUtils.findElement(AppiumUtils.java:25)
	at com.xiao.simplebrowsertest.utils.AppiumUtils.click(AppiumUtils.java:121)
	at com.xiao.simplebrowsertest.testcases.RegisterActivityTest.beforeRegister(RegisterActivityTest.java:94)
	at com.xiao.simplebrowsertest.testcases.RegisterActivityTest.registerWithData(RegisterActivityTest.java:47)
... Removed 27 stack frames]]>
    </failure>
  </testcase> <!-- registerWithData -->
  <testcase name="searchKeyWord" time="4.198" classname="com.xiao.simplebrowsertest.testcases.SearchActivityTest">
    <failure type="org.openqa.selenium.NoSuchElementException" message="An element could not be located on the page using the given search parameters. (WARNING: The server did not provide any stacktrace information)
Command duration or timeout: 48 milliseconds
For documentation on this error, please visit: http://seleniumhq.org/exceptions/no_such_element.html
Build info: version: &amp;apos;2.53.0&amp;apos;, revision: &amp;apos;35ae25b1534ae328c771e0856c93e187490ca824&amp;apos;, time: &amp;apos;2016-03-15 10:43:46&amp;apos;
System info: host: &amp;apos;LAPTOP-SC1R7H6N&amp;apos;, ip: &amp;apos;192.168.1.129&amp;apos;, os.name: &amp;apos;Windows 10&amp;apos;, os.arch: &amp;apos;amd64&amp;apos;, os.version: &amp;apos;10.0&amp;apos;, java.version: &amp;apos;1.8.0_102&amp;apos;
Driver info: io.appium.java_client.android.AndroidDriver
Capabilities [{app=D:\appium项目\SimpleBrowserTest\app\simplebrowser.apk, appPackage=com.xiao.simplebrowser, networkConnectionEnabled=true, warnings={}, databaseEnabled=false, deviceName=63a7b810, platform=LINUX, appActivity=com.xiao.simplebrowser.activity.WelcomeFlashActivity, desired={app=D:\appium项目\SimpleBrowserTest\app\simplebrowser.apk, appPackage=com.xiao.simplebrowser, appActivity=com.xiao.simplebrowser.activity.WelcomeFlashActivity, platformVersion=6.0, automationName=Appium, unicodeKeyboard=true, platformName=Android, deviceName=63a7b810, resetKeyboard=true}, platformVersion=6.0.1, webStorageEnabled=false, locationContextEnabled=false, automationName=Appium, browserName=Android, takesScreenshot=true, javascriptEnabled=true, unicodeKeyboard=true, platformName=Android, resetKeyboard=true}]
Session ID: 6acf345f-22f3-4c0d-b603-fb071174dd14
*** Element info: {Using=id, value=com.xiao.simplebrowser:id/register_button}">
      <![CDATA[org.openqa.selenium.NoSuchElementException: An element could not be located on the page using the given search parameters. (WARNING: The server did not provide any stacktrace information)
Command duration or timeout: 48 milliseconds
For documentation on this error, please visit: http://seleniumhq.org/exceptions/no_such_element.html
Build info: version: '2.53.0', revision: '35ae25b1534ae328c771e0856c93e187490ca824', time: '2016-03-15 10:43:46'
System info: host: 'LAPTOP-SC1R7H6N', ip: '192.168.1.129', os.name: 'Windows 10', os.arch: 'amd64', os.version: '10.0', java.version: '1.8.0_102'
Driver info: io.appium.java_client.android.AndroidDriver
Capabilities [{app=D:\appium项目\SimpleBrowserTest\app\simplebrowser.apk, appPackage=com.xiao.simplebrowser, networkConnectionEnabled=true, warnings={}, databaseEnabled=false, deviceName=63a7b810, platform=LINUX, appActivity=com.xiao.simplebrowser.activity.WelcomeFlashActivity, desired={app=D:\appium项目\SimpleBrowserTest\app\simplebrowser.apk, appPackage=com.xiao.simplebrowser, appActivity=com.xiao.simplebrowser.activity.WelcomeFlashActivity, platformVersion=6.0, automationName=Appium, unicodeKeyboard=true, platformName=Android, deviceName=63a7b810, resetKeyboard=true}, platformVersion=6.0.1, webStorageEnabled=false, locationContextEnabled=false, automationName=Appium, browserName=Android, takesScreenshot=true, javascriptEnabled=true, unicodeKeyboard=true, platformName=Android, resetKeyboard=true}]
Session ID: 6acf345f-22f3-4c0d-b603-fb071174dd14
*** Element info: {Using=id, value=com.xiao.simplebrowser:id/register_button}
	at org.openqa.selenium.remote.ErrorHandler.createThrowable(ErrorHandler.java:206)
	at org.openqa.selenium.remote.ErrorHandler.throwIfResponseFailed(ErrorHandler.java:158)
	at org.openqa.selenium.remote.RemoteWebDriver.execute(RemoteWebDriver.java:678)
	at io.appium.java_client.DefaultGenericMobileDriver.execute(DefaultGenericMobileDriver.java:40)
	at io.appium.java_client.AppiumDriver.execute(AppiumDriver.java:1)
	at io.appium.java_client.android.AndroidDriver.execute(AndroidDriver.java:1)
	at org.openqa.selenium.remote.RemoteWebDriver.findElement(RemoteWebDriver.java:363)
	at io.appium.java_client.DefaultGenericMobileDriver.findElement(DefaultGenericMobileDriver.java:56)
	at io.appium.java_client.AppiumDriver.findElement(AppiumDriver.java:1)
	at io.appium.java_client.android.AndroidDriver.findElement(AndroidDriver.java:1)
	at org.openqa.selenium.remote.RemoteWebDriver.findElementById(RemoteWebDriver.java:413)
	at io.appium.java_client.DefaultGenericMobileDriver.findElementById(DefaultGenericMobileDriver.java:64)
	at io.appium.java_client.AppiumDriver.findElementById(AppiumDriver.java:1)
	at io.appium.java_client.android.AndroidDriver.findElementById(AndroidDriver.java:1)
	at org.openqa.selenium.By$ById.findElement(By.java:218)
	at org.openqa.selenium.remote.RemoteWebDriver.findElement(RemoteWebDriver.java:355)
	at io.appium.java_client.DefaultGenericMobileDriver.findElement(DefaultGenericMobileDriver.java:52)
	at io.appium.java_client.AppiumDriver.findElement(AppiumDriver.java:1)
	at io.appium.java_client.android.AndroidDriver.findElement(AndroidDriver.java:1)
	at com.xiao.simplebrowsertest.utils.AppiumUtils.findElement(AppiumUtils.java:25)
	at com.xiao.simplebrowsertest.utils.AppiumUtils.click(AppiumUtils.java:121)
	at com.xiao.simplebrowsertest.testcases.SearchActivityTest.beforeSearch(SearchActivityTest.java:128)
	at com.xiao.simplebrowsertest.testcases.SearchActivityTest.searchKeyWord(SearchActivityTest.java:50)
... Removed 27 stack frames]]>
    </failure>
  </testcase> <!-- searchKeyWord -->
  <testcase name="searchKeyWord" time="0.085" classname="com.xiao.simplebrowsertest.testcases.SearchActivityTest">
    <failure type="org.openqa.selenium.NoSuchElementException" message="An element could not be located on the page using the given search parameters. (WARNING: The server did not provide any stacktrace information)
Command duration or timeout: 81 milliseconds
For documentation on this error, please visit: http://seleniumhq.org/exceptions/no_such_element.html
Build info: version: &amp;apos;2.53.0&amp;apos;, revision: &amp;apos;35ae25b1534ae328c771e0856c93e187490ca824&amp;apos;, time: &amp;apos;2016-03-15 10:43:46&amp;apos;
System info: host: &amp;apos;LAPTOP-SC1R7H6N&amp;apos;, ip: &amp;apos;192.168.1.129&amp;apos;, os.name: &amp;apos;Windows 10&amp;apos;, os.arch: &amp;apos;amd64&amp;apos;, os.version: &amp;apos;10.0&amp;apos;, java.version: &amp;apos;1.8.0_102&amp;apos;
Driver info: io.appium.java_client.android.AndroidDriver
Capabilities [{app=D:\appium项目\SimpleBrowserTest\app\simplebrowser.apk, appPackage=com.xiao.simplebrowser, networkConnectionEnabled=true, warnings={}, databaseEnabled=false, deviceName=63a7b810, platform=LINUX, appActivity=com.xiao.simplebrowser.activity.WelcomeFlashActivity, desired={app=D:\appium项目\SimpleBrowserTest\app\simplebrowser.apk, appPackage=com.xiao.simplebrowser, appActivity=com.xiao.simplebrowser.activity.WelcomeFlashActivity, platformVersion=6.0, automationName=Appium, unicodeKeyboard=true, platformName=Android, deviceName=63a7b810, resetKeyboard=true}, platformVersion=6.0.1, webStorageEnabled=false, locationContextEnabled=false, automationName=Appium, browserName=Android, takesScreenshot=true, javascriptEnabled=true, unicodeKeyboard=true, platformName=Android, resetKeyboard=true}]
Session ID: 6acf345f-22f3-4c0d-b603-fb071174dd14
*** Element info: {Using=id, value=com.xiao.simplebrowser:id/start_text}">
      <![CDATA[org.openqa.selenium.NoSuchElementException: An element could not be located on the page using the given search parameters. (WARNING: The server did not provide any stacktrace information)
Command duration or timeout: 81 milliseconds
For documentation on this error, please visit: http://seleniumhq.org/exceptions/no_such_element.html
Build info: version: '2.53.0', revision: '35ae25b1534ae328c771e0856c93e187490ca824', time: '2016-03-15 10:43:46'
System info: host: 'LAPTOP-SC1R7H6N', ip: '192.168.1.129', os.name: 'Windows 10', os.arch: 'amd64', os.version: '10.0', java.version: '1.8.0_102'
Driver info: io.appium.java_client.android.AndroidDriver
Capabilities [{app=D:\appium项目\SimpleBrowserTest\app\simplebrowser.apk, appPackage=com.xiao.simplebrowser, networkConnectionEnabled=true, warnings={}, databaseEnabled=false, deviceName=63a7b810, platform=LINUX, appActivity=com.xiao.simplebrowser.activity.WelcomeFlashActivity, desired={app=D:\appium项目\SimpleBrowserTest\app\simplebrowser.apk, appPackage=com.xiao.simplebrowser, appActivity=com.xiao.simplebrowser.activity.WelcomeFlashActivity, platformVersion=6.0, automationName=Appium, unicodeKeyboard=true, platformName=Android, deviceName=63a7b810, resetKeyboard=true}, platformVersion=6.0.1, webStorageEnabled=false, locationContextEnabled=false, automationName=Appium, browserName=Android, takesScreenshot=true, javascriptEnabled=true, unicodeKeyboard=true, platformName=Android, resetKeyboard=true}]
Session ID: 6acf345f-22f3-4c0d-b603-fb071174dd14
*** Element info: {Using=id, value=com.xiao.simplebrowser:id/start_text}
	at org.openqa.selenium.remote.ErrorHandler.createThrowable(ErrorHandler.java:206)
	at org.openqa.selenium.remote.ErrorHandler.throwIfResponseFailed(ErrorHandler.java:158)
	at org.openqa.selenium.remote.RemoteWebDriver.execute(RemoteWebDriver.java:678)
	at io.appium.java_client.DefaultGenericMobileDriver.execute(DefaultGenericMobileDriver.java:40)
	at io.appium.java_client.AppiumDriver.execute(AppiumDriver.java:1)
	at io.appium.java_client.android.AndroidDriver.execute(AndroidDriver.java:1)
	at org.openqa.selenium.remote.RemoteWebDriver.findElement(RemoteWebDriver.java:363)
	at io.appium.java_client.DefaultGenericMobileDriver.findElement(DefaultGenericMobileDriver.java:56)
	at io.appium.java_client.AppiumDriver.findElement(AppiumDriver.java:1)
	at io.appium.java_client.android.AndroidDriver.findElement(AndroidDriver.java:1)
	at org.openqa.selenium.remote.RemoteWebDriver.findElementById(RemoteWebDriver.java:413)
	at io.appium.java_client.DefaultGenericMobileDriver.findElementById(DefaultGenericMobileDriver.java:64)
	at io.appium.java_client.AppiumDriver.findElementById(AppiumDriver.java:1)
	at io.appium.java_client.android.AndroidDriver.findElementById(AndroidDriver.java:1)
	at org.openqa.selenium.By$ById.findElement(By.java:218)
	at org.openqa.selenium.remote.RemoteWebDriver.findElement(RemoteWebDriver.java:355)
	at io.appium.java_client.DefaultGenericMobileDriver.findElement(DefaultGenericMobileDriver.java:52)
	at io.appium.java_client.AppiumDriver.findElement(AppiumDriver.java:1)
	at io.appium.java_client.android.AndroidDriver.findElement(AndroidDriver.java:1)
	at com.xiao.simplebrowsertest.utils.AppiumUtils.findElement(AppiumUtils.java:25)
	at com.xiao.simplebrowsertest.utils.AppiumUtils.click(AppiumUtils.java:121)
	at com.xiao.simplebrowsertest.testcases.SearchActivityTest.beforeSearch(SearchActivityTest.java:125)
	at com.xiao.simplebrowsertest.testcases.SearchActivityTest.searchKeyWord(SearchActivityTest.java:50)
... Removed 27 stack frames]]>
    </failure>
  </testcase> <!-- searchKeyWord -->
  <testcase name="searchKeyWord" time="0.058" classname="com.xiao.simplebrowsertest.testcases.SearchActivityTest">
    <failure type="org.openqa.selenium.NoSuchElementException" message="An element could not be located on the page using the given search parameters. (WARNING: The server did not provide any stacktrace information)
Command duration or timeout: 54 milliseconds
For documentation on this error, please visit: http://seleniumhq.org/exceptions/no_such_element.html
Build info: version: &amp;apos;2.53.0&amp;apos;, revision: &amp;apos;35ae25b1534ae328c771e0856c93e187490ca824&amp;apos;, time: &amp;apos;2016-03-15 10:43:46&amp;apos;
System info: host: &amp;apos;LAPTOP-SC1R7H6N&amp;apos;, ip: &amp;apos;192.168.1.129&amp;apos;, os.name: &amp;apos;Windows 10&amp;apos;, os.arch: &amp;apos;amd64&amp;apos;, os.version: &amp;apos;10.0&amp;apos;, java.version: &amp;apos;1.8.0_102&amp;apos;
Driver info: io.appium.java_client.android.AndroidDriver
Capabilities [{app=D:\appium项目\SimpleBrowserTest\app\simplebrowser.apk, appPackage=com.xiao.simplebrowser, networkConnectionEnabled=true, warnings={}, databaseEnabled=false, deviceName=63a7b810, platform=LINUX, appActivity=com.xiao.simplebrowser.activity.WelcomeFlashActivity, desired={app=D:\appium项目\SimpleBrowserTest\app\simplebrowser.apk, appPackage=com.xiao.simplebrowser, appActivity=com.xiao.simplebrowser.activity.WelcomeFlashActivity, platformVersion=6.0, automationName=Appium, unicodeKeyboard=true, platformName=Android, deviceName=63a7b810, resetKeyboard=true}, platformVersion=6.0.1, webStorageEnabled=false, locationContextEnabled=false, automationName=Appium, browserName=Android, takesScreenshot=true, javascriptEnabled=true, unicodeKeyboard=true, platformName=Android, resetKeyboard=true}]
Session ID: 6acf345f-22f3-4c0d-b603-fb071174dd14
*** Element info: {Using=id, value=com.xiao.simplebrowser:id/start_text}">
      <![CDATA[org.openqa.selenium.NoSuchElementException: An element could not be located on the page using the given search parameters. (WARNING: The server did not provide any stacktrace information)
Command duration or timeout: 54 milliseconds
For documentation on this error, please visit: http://seleniumhq.org/exceptions/no_such_element.html
Build info: version: '2.53.0', revision: '35ae25b1534ae328c771e0856c93e187490ca824', time: '2016-03-15 10:43:46'
System info: host: 'LAPTOP-SC1R7H6N', ip: '192.168.1.129', os.name: 'Windows 10', os.arch: 'amd64', os.version: '10.0', java.version: '1.8.0_102'
Driver info: io.appium.java_client.android.AndroidDriver
Capabilities [{app=D:\appium项目\SimpleBrowserTest\app\simplebrowser.apk, appPackage=com.xiao.simplebrowser, networkConnectionEnabled=true, warnings={}, databaseEnabled=false, deviceName=63a7b810, platform=LINUX, appActivity=com.xiao.simplebrowser.activity.WelcomeFlashActivity, desired={app=D:\appium项目\SimpleBrowserTest\app\simplebrowser.apk, appPackage=com.xiao.simplebrowser, appActivity=com.xiao.simplebrowser.activity.WelcomeFlashActivity, platformVersion=6.0, automationName=Appium, unicodeKeyboard=true, platformName=Android, deviceName=63a7b810, resetKeyboard=true}, platformVersion=6.0.1, webStorageEnabled=false, locationContextEnabled=false, automationName=Appium, browserName=Android, takesScreenshot=true, javascriptEnabled=true, unicodeKeyboard=true, platformName=Android, resetKeyboard=true}]
Session ID: 6acf345f-22f3-4c0d-b603-fb071174dd14
*** Element info: {Using=id, value=com.xiao.simplebrowser:id/start_text}
	at org.openqa.selenium.remote.ErrorHandler.createThrowable(ErrorHandler.java:206)
	at org.openqa.selenium.remote.ErrorHandler.throwIfResponseFailed(ErrorHandler.java:158)
	at org.openqa.selenium.remote.RemoteWebDriver.execute(RemoteWebDriver.java:678)
	at io.appium.java_client.DefaultGenericMobileDriver.execute(DefaultGenericMobileDriver.java:40)
	at io.appium.java_client.AppiumDriver.execute(AppiumDriver.java:1)
	at io.appium.java_client.android.AndroidDriver.execute(AndroidDriver.java:1)
	at org.openqa.selenium.remote.RemoteWebDriver.findElement(RemoteWebDriver.java:363)
	at io.appium.java_client.DefaultGenericMobileDriver.findElement(DefaultGenericMobileDriver.java:56)
	at io.appium.java_client.AppiumDriver.findElement(AppiumDriver.java:1)
	at io.appium.java_client.android.AndroidDriver.findElement(AndroidDriver.java:1)
	at org.openqa.selenium.remote.RemoteWebDriver.findElementById(RemoteWebDriver.java:413)
	at io.appium.java_client.DefaultGenericMobileDriver.findElementById(DefaultGenericMobileDriver.java:64)
	at io.appium.java_client.AppiumDriver.findElementById(AppiumDriver.java:1)
	at io.appium.java_client.android.AndroidDriver.findElementById(AndroidDriver.java:1)
	at org.openqa.selenium.By$ById.findElement(By.java:218)
	at org.openqa.selenium.remote.RemoteWebDriver.findElement(RemoteWebDriver.java:355)
	at io.appium.java_client.DefaultGenericMobileDriver.findElement(DefaultGenericMobileDriver.java:52)
	at io.appium.java_client.AppiumDriver.findElement(AppiumDriver.java:1)
	at io.appium.java_client.android.AndroidDriver.findElement(AndroidDriver.java:1)
	at com.xiao.simplebrowsertest.utils.AppiumUtils.findElement(AppiumUtils.java:25)
	at com.xiao.simplebrowsertest.utils.AppiumUtils.click(AppiumUtils.java:121)
	at com.xiao.simplebrowsertest.testcases.SearchActivityTest.beforeSearch(SearchActivityTest.java:125)
	at com.xiao.simplebrowsertest.testcases.SearchActivityTest.searchKeyWord(SearchActivityTest.java:50)
... Removed 27 stack frames]]>
    </failure>
  </testcase> <!-- searchKeyWord -->
</testsuite> <!-- SimpleBrowserTest -->
