<html>
<head>
<title>TestNG:  SimpleBrowserTest</title>
<link href="../testng.css" rel="stylesheet" type="text/css" />
<link href="../my-testng.css" rel="stylesheet" type="text/css" />

<style type="text/css">
.log { display: none;} 
.stack-trace { display: none;} 
</style>
<script type="text/javascript">
<!--
function flip(e) {
  current = e.style.display;
  if (current == 'block') {
    e.style.display = 'none';
    return 0;
  }
  else {
    e.style.display = 'block';
    return 1;
  }
}

function toggleBox(szDivId, elem, msg1, msg2)
{
  var res = -1;  if (document.getElementById) {
    res = flip(document.getElementById(szDivId));
  }
  else if (document.all) {
    // this is the way old msie versions work
    res = flip(document.all[szDivId]);
  }
  if(elem) {
    if(res == 0) elem.innerHTML = msg1; else elem.innerHTML = msg2;
  }

}

function toggleAllBoxes() {
  if (document.getElementsByTagName) {
    d = document.getElementsByTagName('div');
    for (i = 0; i < d.length; i++) {
      if (d[i].className == 'log') {
        flip(d[i]);
      }
    }
  }
}

// -->
</script>

</head>
<body>
<h2 align='center'>SimpleBrowserTest</h2><table border='1' align="center">
<tr>
<td>Tests passed/Failed/Skipped:</td><td>13/1/0</td>
</tr><tr>
<td>Started on:</td><td>Sat May 13 15:23:21 CST 2017</td>
</tr>
<tr><td>Total time:</td><td>475 seconds (475348 ms)</td>
</tr><tr>
<td>Included groups:</td><td></td>
</tr><tr>
<td>Excluded groups:</td><td></td>
</tr>
</table><p/>
<small><i>(Hover the method name to see the test class name)</i></small><p/>
<table width='100%' border='1' class='invocation-failed'>
<tr><td colspan='4' align='center'><b>FAILED TESTS</b></td></tr>
<tr><td><b>Test method</b></td>
<td width="30%"><b>Exception</b></td>
<td width="10%"><b>Time (seconds)</b></td>
<td><b>Instance</b></td>
</tr>
<tr>
<td title='com.xiao.simplebrowsertest.testcases.WelcomeActivityTest.clickStart()'><b>clickStart</b><br>Test class: com.xiao.simplebrowsertest.testcases.WelcomeActivityTest<br>Parameters: 立即体验</td>
<td><div><pre>java.lang.AssertionError: 期望的文字是 [立即体验] 但是找到了 [开始体验]
	at com.xiao.simplebrowsertest.utils.AppiumUtils.isTextCorrect(AppiumUtils.java:64)
	at com.xiao.simplebrowsertest.testcases.WelcomeActivityTest.clickStart(WelcomeActivityTest.java:51)
	at org.apache.maven.plugin.surefire.InPluginVMSurefireStarter.runSuitesInProcess(InPluginVMSurefireStarter.java:82)
	at org.apache.maven.plugin.surefire.AbstractSurefireMojo.executeProvider(AbstractSurefireMojo.java:1010)
	at org.apache.maven.plugin.surefire.AbstractSurefireMojo.executeAfterPreconditionsChecked(AbstractSurefireMojo.java:862)
	at org.apache.maven.plugin.surefire.AbstractSurefireMojo.execute(AbstractSurefireMojo.java:755)
	at org.apache.maven.plugin.DefaultBuildPluginManager.executeMojo(DefaultBuildPluginManager.java:134)
	at org.apache.maven.lifecycle.internal.MojoExecutor.execute(MojoExecutor.java:207)
	at org.apache.maven.lifecycle.internal.MojoExecutor.execute(MojoExecutor.java:153)
	at org.apache.maven.lifecycle.internal.MojoExecutor.execute(MojoExecutor.java:145)
	at org.apache.maven.lifecycle.internal.LifecycleModuleBuilder.buildProject(LifecycleModuleBuilder.java:116)
	at org.apache.maven.lifecycle.internal.LifecycleModuleBuilder.buildProject(LifecycleModuleBuilder.java:80)
	at org.apache.maven.lifecycle.internal.builder.singlethreaded.SingleThreadedBuilder.build(SingleThreadedBuilder.java:51)
	at org.apache.maven.lifecycle.internal.LifecycleStarter.execute(LifecycleStarter.java:128)
	at org.apache.maven.DefaultMaven.doExecute(DefaultMaven.java:307)
	at org.apache.maven.DefaultMaven.doExecute(DefaultMaven.java:193)
	at org.apache.maven.DefaultMaven.execute(DefaultMaven.java:106)
	at org.apache.maven.cli.MavenCli.execute(MavenCli.java:863)
	at org.apache.maven.cli.MavenCli.doMain(MavenCli.java:288)
	at org.apache.maven.cli.MavenCli.main(MavenCli.java:199)
	at org.codehaus.plexus.classworlds.launcher.Launcher.launchEnhanced(Launcher.java:289)
	at org.codehaus.plexus.classworlds.launcher.Launcher.launch(Launcher.java:229)
	at org.codehaus.plexus.classworlds.launcher.Launcher.mainWithExitCode(Launcher.java:415)
	at org.codehaus.plexus.classworlds.launcher.Launcher.main(Launcher.java:356)
... Removed 36 stack frames</pre></div><a href='#' onClick='toggleBox("stack-trace931987151", this, "Click to show all stack frames", "Click to hide stack frames")'>Click to show all stack frames</a>
<div class='stack-trace' id='stack-trace931987151'><pre>java.lang.AssertionError: 期望的文字是 [立即体验] 但是找到了 [开始体验]
	at org.testng.Assert.fail(Assert.java:94)
	at com.xiao.simplebrowsertest.utils.AppiumUtils.isTextCorrect(AppiumUtils.java:64)
	at com.xiao.simplebrowsertest.testcases.WelcomeActivityTest.clickStart(WelcomeActivityTest.java:51)
	at sun.reflect.NativeMethodAccessorImpl.invoke0(Native Method)
	at sun.reflect.NativeMethodAccessorImpl.invoke(NativeMethodAccessorImpl.java:62)
	at sun.reflect.DelegatingMethodAccessorImpl.invoke(DelegatingMethodAccessorImpl.java:43)
	at java.lang.reflect.Method.invoke(Method.java:498)
	at org.testng.internal.MethodInvocationHelper.invokeMethod(MethodInvocationHelper.java:86)
	at org.testng.internal.Invoker.invokeMethod(Invoker.java:643)
	at org.testng.internal.Invoker.invokeTestMethod(Invoker.java:820)
	at org.testng.internal.Invoker.invokeTestMethods(Invoker.java:1128)
	at org.testng.internal.TestMethodWorker.invokeTestMethods(TestMethodWorker.java:129)
	at org.testng.internal.TestMethodWorker.run(TestMethodWorker.java:112)
	at org.testng.TestRunner.privateRun(TestRunner.java:782)
	at org.testng.TestRunner.run(TestRunner.java:632)
	at org.testng.SuiteRunner.runTest(SuiteRunner.java:366)
	at org.testng.SuiteRunner.runSequentially(SuiteRunner.java:361)
	at org.testng.SuiteRunner.privateRun(SuiteRunner.java:319)
	at org.testng.SuiteRunner.run(SuiteRunner.java:268)
	at org.testng.SuiteRunnerWorker.runSuite(SuiteRunnerWorker.java:52)
	at org.testng.SuiteRunnerWorker.run(SuiteRunnerWorker.java:86)
	at org.testng.TestNG.runSuitesSequentially(TestNG.java:1244)
	at org.testng.TestNG.runSuitesLocally(TestNG.java:1169)
	at org.testng.TestNG.run(TestNG.java:1064)
	at org.apache.maven.surefire.testng.TestNGExecutor.run(TestNGExecutor.java:281)
	at org.apache.maven.surefire.testng.TestNGXmlTestSuite.execute(TestNGXmlTestSuite.java:75)
	at org.apache.maven.surefire.testng.TestNGProvider.invoke(TestNGProvider.java:121)
	at sun.reflect.NativeMethodAccessorImpl.invoke0(Native Method)
	at sun.reflect.NativeMethodAccessorImpl.invoke(NativeMethodAccessorImpl.java:62)
	at sun.reflect.DelegatingMethodAccessorImpl.invoke(DelegatingMethodAccessorImpl.java:43)
	at java.lang.reflect.Method.invoke(Method.java:498)
	at org.apache.maven.surefire.util.ReflectionUtils.invokeMethodWithArray2(ReflectionUtils.java:202)
	at org.apache.maven.surefire.booter.ProviderFactory$ProviderProxy.invoke(ProviderFactory.java:155)
	at org.apache.maven.surefire.booter.ProviderFactory.invokeProvider(ProviderFactory.java:81)
	at org.apache.maven.plugin.surefire.InPluginVMSurefireStarter.runSuitesInProcess(InPluginVMSurefireStarter.java:82)
	at org.apache.maven.plugin.surefire.AbstractSurefireMojo.executeProvider(AbstractSurefireMojo.java:1010)
	at org.apache.maven.plugin.surefire.AbstractSurefireMojo.executeAfterPreconditionsChecked(AbstractSurefireMojo.java:862)
	at org.apache.maven.plugin.surefire.AbstractSurefireMojo.execute(AbstractSurefireMojo.java:755)
	at org.apache.maven.plugin.DefaultBuildPluginManager.executeMojo(DefaultBuildPluginManager.java:134)
	at org.apache.maven.lifecycle.internal.MojoExecutor.execute(MojoExecutor.java:207)
	at org.apache.maven.lifecycle.internal.MojoExecutor.execute(MojoExecutor.java:153)
	at org.apache.maven.lifecycle.internal.MojoExecutor.execute(MojoExecutor.java:145)
	at org.apache.maven.lifecycle.internal.LifecycleModuleBuilder.buildProject(LifecycleModuleBuilder.java:116)
	at org.apache.maven.lifecycle.internal.LifecycleModuleBuilder.buildProject(LifecycleModuleBuilder.java:80)
	at org.apache.maven.lifecycle.internal.builder.singlethreaded.SingleThreadedBuilder.build(SingleThreadedBuilder.java:51)
	at org.apache.maven.lifecycle.internal.LifecycleStarter.execute(LifecycleStarter.java:128)
	at org.apache.maven.DefaultMaven.doExecute(DefaultMaven.java:307)
	at org.apache.maven.DefaultMaven.doExecute(DefaultMaven.java:193)
	at org.apache.maven.DefaultMaven.execute(DefaultMaven.java:106)
	at org.apache.maven.cli.MavenCli.execute(MavenCli.java:863)
	at org.apache.maven.cli.MavenCli.doMain(MavenCli.java:288)
	at org.apache.maven.cli.MavenCli.main(MavenCli.java:199)
	at sun.reflect.NativeMethodAccessorImpl.invoke0(Native Method)
	at sun.reflect.NativeMethodAccessorImpl.invoke(NativeMethodAccessorImpl.java:62)
	at sun.reflect.DelegatingMethodAccessorImpl.invoke(DelegatingMethodAccessorImpl.java:43)
	at java.lang.reflect.Method.invoke(Method.java:498)
	at org.codehaus.plexus.classworlds.launcher.Launcher.launchEnhanced(Launcher.java:289)
	at org.codehaus.plexus.classworlds.launcher.Launcher.launch(Launcher.java:229)
	at org.codehaus.plexus.classworlds.launcher.Launcher.mainWithExitCode(Launcher.java:415)
	at org.codehaus.plexus.classworlds.launcher.Launcher.main(Launcher.java:356)
</pre></div></td>
<td>0</td>
<td>com.xiao.simplebrowsertest.testcases.WelcomeActivityTest@bb9ab64</td></tr>
</table><p>
<table width='100%' border='1' class='invocation-passed'>
<tr><td colspan='4' align='center'><b>PASSED TESTS</b></td></tr>
<tr><td><b>Test method</b></td>
<td width="30%"><b>Exception</b></td>
<td width="10%"><b>Time (seconds)</b></td>
<td><b>Instance</b></td>
</tr>
<tr>
<td title='com.xiao.simplebrowsertest.testcases.WelcomeActivityTest.clickStart()'><b>clickStart</b><br>Test class: com.xiao.simplebrowsertest.testcases.WelcomeActivityTest<br>Parameters: 开始体验</td>
<td></td>
<td>2</td>
<td>com.xiao.simplebrowsertest.testcases.WelcomeActivityTest@bb9ab64</td></tr>
<tr>
<td title='com.xiao.simplebrowsertest.testcases.RegisterActivityTest.registerWithData()'><b>registerWithData</b><br>Test class: com.xiao.simplebrowsertest.testcases.RegisterActivityTest<br>Parameters: yx, 123456, .activity.RegisterActivity</td>
<td></td>
<td>29</td>
<td>com.xiao.simplebrowsertest.testcases.RegisterActivityTest@a52ca2e</td></tr>
<tr>
<td title='com.xiao.simplebrowsertest.testcases.RegisterActivityTest.registerWithData()'><b>registerWithData</b><br>Test class: com.xiao.simplebrowsertest.testcases.RegisterActivityTest<br>Parameters: yinxiao, 12, .activity.RegisterActivity</td>
<td></td>
<td>30</td>
<td>com.xiao.simplebrowsertest.testcases.RegisterActivityTest@a52ca2e</td></tr>
<tr>
<td title='com.xiao.simplebrowsertest.testcases.RegisterActivityTest.registerWithData()'><b>registerWithData</b><br>Test class: com.xiao.simplebrowsertest.testcases.RegisterActivityTest<br>Parameters: y, 123456, .activity.RegisterActivity</td>
<td></td>
<td>30</td>
<td>com.xiao.simplebrowsertest.testcases.RegisterActivityTest@a52ca2e</td></tr>
<tr>
<td title='com.xiao.simplebrowsertest.testcases.RegisterActivityTest.registerWithData()'><b>registerWithData</b><br>Test class: com.xiao.simplebrowsertest.testcases.RegisterActivityTest<br>Parameters: test, 1, .activity.RegisterActivity</td>
<td></td>
<td>30</td>
<td>com.xiao.simplebrowsertest.testcases.RegisterActivityTest@a52ca2e</td></tr>
<tr>
<td title='com.xiao.simplebrowsertest.testcases.RegisterActivityTest.registerWithData()'><b>registerWithData</b><br>Test class: com.xiao.simplebrowsertest.testcases.RegisterActivityTest<br>Parameters: yinxiao, 123456, .activity.LoginActivity</td>
<td></td>
<td>33</td>
<td>com.xiao.simplebrowsertest.testcases.RegisterActivityTest@a52ca2e</td></tr>
<tr>
<td title='com.xiao.simplebrowsertest.testcases.RegisterActivityTest.registerWithData()'><b>registerWithData</b><br>Test class: com.xiao.simplebrowsertest.testcases.RegisterActivityTest<br>Parameters: test, 123, .activity.LoginActivity</td>
<td></td>
<td>34</td>
<td>com.xiao.simplebrowsertest.testcases.RegisterActivityTest@a52ca2e</td></tr>
<tr>
<td title='com.xiao.simplebrowsertest.testcases.RegisterActivityTest.registerWithData()'><b>registerWithData</b><br>Test class: com.xiao.simplebrowsertest.testcases.RegisterActivityTest<br>Parameters: test, 123456789, .activity.RegisterActivity</td>
<td></td>
<td>30</td>
<td>com.xiao.simplebrowsertest.testcases.RegisterActivityTest@a52ca2e</td></tr>
<tr>
<td title='com.xiao.simplebrowsertest.testcases.RegisterActivityTest.registerWithData()'><b>registerWithData</b><br>Test class: com.xiao.simplebrowsertest.testcases.RegisterActivityTest<br>Parameters: testtest, 123456, .activity.LoginActivity</td>
<td></td>
<td>34</td>
<td>com.xiao.simplebrowsertest.testcases.RegisterActivityTest@a52ca2e</td></tr>
<tr>
<td title='com.xiao.simplebrowsertest.testcases.RegisterActivityTest.registerWithData()'><b>registerWithData</b><br>Test class: com.xiao.simplebrowsertest.testcases.RegisterActivityTest<br>Parameters: testtest123, 123456, .activity.RegisterActivity</td>
<td></td>
<td>31</td>
<td>com.xiao.simplebrowsertest.testcases.RegisterActivityTest@a52ca2e</td></tr>
<tr>
<td title='com.xiao.simplebrowsertest.testcases.SearchActivityTest.searchKeyWord()'><b>searchKeyWord</b><br>Test class: com.xiao.simplebrowsertest.testcases.SearchActivityTest<br>Parameters: java</td>
<td></td>
<td>38</td>
<td>com.xiao.simplebrowsertest.testcases.SearchActivityTest@1ad8df52</td></tr>
<tr>
<td title='com.xiao.simplebrowsertest.testcases.SearchActivityTest.searchKeyWord()'><b>searchKeyWord</b><br>Test class: com.xiao.simplebrowsertest.testcases.SearchActivityTest<br>Parameters: appium</td>
<td></td>
<td>39</td>
<td>com.xiao.simplebrowsertest.testcases.SearchActivityTest@1ad8df52</td></tr>
<tr>
<td title='com.xiao.simplebrowsertest.testcases.SearchActivityTest.searchKeyWord()'><b>searchKeyWord</b><br>Test class: com.xiao.simplebrowsertest.testcases.SearchActivityTest<br>Parameters: 西南科技大学</td>
<td></td>
<td>42</td>
<td>com.xiao.simplebrowsertest.testcases.SearchActivityTest@1ad8df52</td></tr>
</table><p>
</body>
</html>