<?xml version="1.0" encoding="UTF-8"?>
<testng-results skipped="0" failed="1" total="2" passed="1">
  <reporter-output>
  </reporter-output>
  <suite name="Default suite" duration-ms="27888" started-at="2017-05-13T08:25:44Z" finished-at="2017-05-13T08:26:12Z">
    <groups>
    </groups>
    <test name="Default test" duration-ms="27888" started-at="2017-05-13T08:25:44Z" finished-at="2017-05-13T08:26:12Z">
      <class name="com.xiao.simplebrowsertest.testcases.WelcomeActivityTest">
        <test-method status="PASS" signature="setUp()[pri:0, instance:com.xiao.simplebrowsertest.testcases.WelcomeActivityTest@47ef968d]" name="setUp" is-config="true" duration-ms="22718" started-at="2017-05-13T16:25:44Z" finished-at="2017-05-13T16:26:06Z">
          <reporter-output>
          </reporter-output>
        </test-method> <!-- setUp -->
        <test-method status="FAIL" signature="clickStart(java.lang.String)[pri:0, instance:com.xiao.simplebrowsertest.testcases.WelcomeActivityTest@47ef968d]" name="clickStart" duration-ms="219" started-at="2017-05-13T16:26:07Z" data-provider="WelcomeData" finished-at="2017-05-13T16:26:07Z">
          <params>
            <param index="0">
              <value>
                <![CDATA[立即体验]]>
              </value>
            </param>
          </params>
          <exception class="java.lang.AssertionError">
            <message>
              <![CDATA[期望的文字是 [立即体验] 但是找到了 [开始体验]]]>
            </message>
            <full-stacktrace>
              <![CDATA[java.lang.AssertionError: 期望的文字是 [立即体验] 但是找到了 [开始体验]
	at org.testng.Assert.fail(Assert.java:94)
	at com.xiao.simplebrowsertest.utils.AppiumUtils.isTextCorrect(AppiumUtils.java:64)
	at com.xiao.simplebrowsertest.testcases.WelcomeActivityTest.clickStart(WelcomeActivityTest.java:51)
	at sun.reflect.NativeMethodAccessorImpl.invoke0(Native Method)
	at sun.reflect.NativeMethodAccessorImpl.invoke(NativeMethodAccessorImpl.java:62)
	at sun.reflect.DelegatingMethodAccessorImpl.invoke(DelegatingMethodAccessorImpl.java:43)
	at java.lang.reflect.Method.invoke(Method.java:498)
	at org.testng.internal.MethodInvocationHelper.invokeMethod(MethodInvocationHelper.java:86)
	at org.testng.internal.Invoker.invokeMethod(Invoker.java:643)
	at org.testng.internal.Invoker.invokeTestMethod(Invoker.java:820)
	at org.testng.internal.Invoker.invokeTestMethods(Invoker.java:1128)
	at org.testng.internal.TestMethodWorker.invokeTestMethods(TestMethodWorker.java:129)
	at org.testng.internal.TestMethodWorker.run(TestMethodWorker.java:112)
	at org.testng.TestRunner.privateRun(TestRunner.java:782)
	at org.testng.TestRunner.run(TestRunner.java:632)
	at org.testng.SuiteRunner.runTest(SuiteRunner.java:366)
	at org.testng.SuiteRunner.runSequentially(SuiteRunner.java:361)
	at org.testng.SuiteRunner.privateRun(SuiteRunner.java:319)
	at org.testng.SuiteRunner.run(SuiteRunner.java:268)
	at org.testng.SuiteRunnerWorker.runSuite(SuiteRunnerWorker.java:52)
	at org.testng.SuiteRunnerWorker.run(SuiteRunnerWorker.java:86)
	at org.testng.TestNG.runSuitesSequentially(TestNG.java:1244)
	at org.testng.TestNG.runSuitesLocally(TestNG.java:1169)
	at org.testng.TestNG.run(TestNG.java:1064)
	at org.testng.remote.AbstractRemoteTestNG.run(AbstractRemoteTestNG.java:132)
	at org.testng.remote.RemoteTestNG.initAndRun(RemoteTestNG.java:236)
	at org.testng.remote.RemoteTestNG.main(RemoteTestNG.java:81)
]]>
            </full-stacktrace>
          </exception> <!-- java.lang.AssertionError -->
          <reporter-output>
          </reporter-output>
        </test-method> <!-- clickStart -->
        <test-method status="PASS" signature="clickStart(java.lang.String)[pri:0, instance:com.xiao.simplebrowsertest.testcases.WelcomeActivityTest@47ef968d]" name="clickStart" duration-ms="2837" started-at="2017-05-13T16:26:07Z" data-provider="WelcomeData" finished-at="2017-05-13T16:26:10Z">
          <params>
            <param index="0">
              <value>
                <![CDATA[开始体验]]>
              </value>
            </param>
          </params>
          <reporter-output>
          </reporter-output>
        </test-method> <!-- clickStart -->
        <test-method status="PASS" signature="tearDown()[pri:0, instance:com.xiao.simplebrowsertest.testcases.WelcomeActivityTest@47ef968d]" name="tearDown" is-config="true" duration-ms="1508" started-at="2017-05-13T16:26:10Z" finished-at="2017-05-13T16:26:12Z">
          <reporter-output>
          </reporter-output>
        </test-method> <!-- tearDown -->
      </class> <!-- com.xiao.simplebrowsertest.testcases.WelcomeActivityTest -->
    </test> <!-- Default test -->
  </suite> <!-- Default suite -->
</testng-results>
