<?xml version="1.0" encoding="UTF-8"?>
<testsuite name="TestSuite" time="61.539" tests="9" errors="0" skipped="1" failures="1">
  <properties>
[...]
</properties>
  <testcase name="clickStart" classname="com.xiao.simplebrowsertest.testcases.WelcomeActivityTest" time="2.379"/>
  <testcase name="clickStart" classname="com.xiao.simplebrowsertest.testcases.WelcomeActivityTest" time="0.719">
    <failure message="期望的文字是 [立即体验] 但是找到了 [开始体验]" type="java.lang.AssertionError">java.lang.AssertionError: 期望的文字是 [立即体验] 但是找到了 [开始体验]
	at org.testng.Assert.fail(Assert.java:94)
	at com.xiao.simplebrowsertest.utils.AppiumUtils.isTextCorrect(AppiumUtils.java:62)
	at com.xiao.simplebrowsertest.testcases.WelcomeActivityTest.clickStart(WelcomeActivityTest.java:51)
</failure>
    <system-out><![CDATA[****首页测试开始****
开始查找元素 [By.id: com.xiao.simplebrowser:id/start_text]
找到了元素  [By.id: com.xiao.simplebrowser:id/start_text]
期望的文字是 [立即体验] 但是找到了 [开始体验]
]]></system-out>
  </testcase>
  <testcase name="registerWithData" classname="com.xiao.simplebrowsertest.testcases.RegisterActivityTest" time="26.235"/>
  <testcase name="registerWithData" classname="com.xiao.simplebrowsertest.testcases.RegisterActivityTest" time="25.971"/>
  <testcase name="registerWithData" classname="com.xiao.simplebrowsertest.testcases.RegisterActivityTest" time="25.942"/>
  <testcase name="registerWithData" classname="com.xiao.simplebrowsertest.testcases.RegisterActivityTest" time="25.784"/>
  <testcase name="registerWithData" classname="com.xiao.simplebrowsertest.testcases.RegisterActivityTest" time="25.464"/>
  <testcase name="searchKeyWord" classname="com.xiao.simplebrowsertest.testcases.SearchActivityTest" time="0">
    <skipped/>
  </testcase>
  <testcase name="searchReturnHome" classname="com.xiao.simplebrowsertest.testcases.SearchActivityTest" time="32.925"/>
</testsuite>